2023-07-26 21:41:29.4876 - INFO: User profile is available. Using 'C:\Users\Dell\AppData\Local\ASP.NET\DataProtection-Keys' as key repository and Windows DPAPI to encrypt keys at rest. ${newline}EXCEPTION: ${exception: ToString:maxInnerExceptionLevel=3}
2023-07-26 21:41:29.7833 - INFO: Now listening on: https://localhost:7254 ${newline}EXCEPTION: ${exception: ToString:maxInnerExceptionLevel=3}
2023-07-26 21:41:29.7833 - INFO: Now listening on: http://localhost:5254 ${newline}EXCEPTION: ${exception: ToString:maxInnerExceptionLevel=3}
2023-07-26 21:41:29.7833 - INFO: Application started. Press Ctrl+C to shut down. ${newline}EXCEPTION: ${exception: ToString:maxInnerExceptionLevel=3}
2023-07-26 21:41:29.7873 - INFO: Hosting environment: Development ${newline}EXCEPTION: ${exception: ToString:maxInnerExceptionLevel=3}
2023-07-26 21:41:29.7873 - INFO: Content root path: D:\Antern\IAmInterviewed\IAmInterviewed\Code\IAI\WebAPI\IAI.WebAPI\ ${newline}EXCEPTION: ${exception: ToString:maxInnerExceptionLevel=3}
2023-07-26 21:41:30.3930 - INFO: Request starting HTTP/2 GET https://localhost:7254/swagger/index.html - - ${newline}EXCEPTION: ${exception: ToString:maxInnerExceptionLevel=3}
2023-07-26 21:41:31.1297 - INFO: Request finished HTTP/2 GET https://localhost:7254/swagger/index.html - - - 200 - text/html;charset=utf-8 741.7579ms ${newline}EXCEPTION: ${exception: ToString:maxInnerExceptionLevel=3}
2023-07-26 21:41:31.1586 - INFO: Request starting HTTP/2 GET https://localhost:7254/_framework/aspnetcore-browser-refresh.js - - ${newline}EXCEPTION: ${exception: ToString:maxInnerExceptionLevel=3}
2023-07-26 21:41:31.1586 - INFO: Request starting HTTP/2 GET https://localhost:7254/swagger/swagger-ui.css - - ${newline}EXCEPTION: ${exception: ToString:maxInnerExceptionLevel=3}
2023-07-26 21:41:31.1586 - INFO: Request starting HTTP/2 GET https://localhost:7254/swagger/swagger-ui-standalone-preset.js - - ${newline}EXCEPTION: ${exception: ToString:maxInnerExceptionLevel=3}
2023-07-26 21:41:31.1586 - INFO: Request starting HTTP/2 GET https://localhost:7254/swagger/swagger-ui-bundle.js - - ${newline}EXCEPTION: ${exception: ToString:maxInnerExceptionLevel=3}
2023-07-26 21:41:31.1674 - INFO: Request finished HTTP/2 GET https://localhost:7254/_framework/aspnetcore-browser-refresh.js - - - 200 11990 application/javascript;+charset=utf-8 8.7780ms ${newline}EXCEPTION: ${exception: ToString:maxInnerExceptionLevel=3}
2023-07-26 21:41:31.1883 - INFO: Request starting HTTP/2 GET https://localhost:7254/_vs/browserLink - - ${newline}EXCEPTION: ${exception: ToString:maxInnerExceptionLevel=3}
2023-07-26 21:41:31.2292 - INFO: The file /swagger-ui.css was not modified ${newline}EXCEPTION: ${exception: ToString:maxInnerExceptionLevel=3}
2023-07-26 21:41:31.2292 - INFO: The file /swagger-ui-standalone-preset.js was not modified ${newline}EXCEPTION: ${exception: ToString:maxInnerExceptionLevel=3}
2023-07-26 21:41:31.2292 - INFO: The file /swagger-ui-bundle.js was not modified ${newline}EXCEPTION: ${exception: ToString:maxInnerExceptionLevel=3}
2023-07-26 21:41:31.2292 - INFO: Request finished HTTP/2 GET https://localhost:7254/swagger/swagger-ui-standalone-preset.js - - - 304 - application/javascript 72.7887ms ${newline}EXCEPTION: ${exception: ToString:maxInnerExceptionLevel=3}
2023-07-26 21:41:31.2292 - INFO: Request finished HTTP/2 GET https://localhost:7254/swagger/swagger-ui-bundle.js - - - 304 - application/javascript 72.3388ms ${newline}EXCEPTION: ${exception: ToString:maxInnerExceptionLevel=3}
2023-07-26 21:41:31.2292 - INFO: Request finished HTTP/2 GET https://localhost:7254/swagger/swagger-ui.css - - - 304 - text/css 72.7160ms ${newline}EXCEPTION: ${exception: ToString:maxInnerExceptionLevel=3}
2023-07-26 21:41:31.2979 - INFO: Request finished HTTP/2 GET https://localhost:7254/_vs/browserLink - - - 200 - text/javascript;+charset=UTF-8 109.3120ms ${newline}EXCEPTION: ${exception: ToString:maxInnerExceptionLevel=3}
2023-07-26 21:41:31.5197 - INFO: Request starting HTTP/2 GET https://localhost:7254/swagger/v1/swagger.json - - ${newline}EXCEPTION: ${exception: ToString:maxInnerExceptionLevel=3}
2023-07-26 21:41:31.7773 - INFO: Request finished HTTP/2 GET https://localhost:7254/swagger/v1/swagger.json - - - 200 - application/json;charset=utf-8 257.6454ms ${newline}EXCEPTION: ${exception: ToString:maxInnerExceptionLevel=3}
2023-07-26 21:43:51.7102 - INFO: Request starting HTTP/2 OPTIONS https://localhost:7254/api/Account/UserDetails - - ${newline}EXCEPTION: ${exception: ToString:maxInnerExceptionLevel=3}
2023-07-26 21:43:51.7246 - INFO: CORS policy execution successful. ${newline}EXCEPTION: ${exception: ToString:maxInnerExceptionLevel=3}
2023-07-26 21:43:51.7246 - INFO: Request finished HTTP/2 OPTIONS https://localhost:7254/api/Account/UserDetails - - - 204 - - 18.4527ms ${newline}EXCEPTION: ${exception: ToString:maxInnerExceptionLevel=3}
2023-07-26 21:43:51.7246 - INFO: Request starting HTTP/2 GET https://localhost:7254/api/Account/UserDetails - - ${newline}EXCEPTION: ${exception: ToString:maxInnerExceptionLevel=3}
2023-07-26 21:43:51.7450 - INFO: CORS policy execution successful. ${newline}EXCEPTION: ${exception: ToString:maxInnerExceptionLevel=3}
2023-07-26 21:43:55.5180 - INFO: Executing endpoint 'IAI.WebAPI.Controllers.AccountController.GetUserDetails (IAI.WebAPI)' ${newline}EXCEPTION: ${exception: ToString:maxInnerExceptionLevel=3}
2023-07-26 21:43:55.5733 - INFO: Route matched with {action = "GetUserDetails", controller = "Account"}. Executing controller action with signature System.Threading.Tasks.Task`1[Microsoft.AspNetCore.Mvc.IActionResult] GetUserDetails() on controller IAI.WebAPI.Controllers.AccountController (IAI.WebAPI). ${newline}EXCEPTION: ${exception: ToString:maxInnerExceptionLevel=3}
2023-07-26 21:43:57.6104 - WARN: No store type was specified for the decimal property 'CurrentPay' on entity type 'CandidateProfile'. This will cause values to be silently truncated if they do not fit in the default precision and scale. Explicitly specify the SQL server column type that can accommodate all the values in 'OnModelCreating' using 'HasColumnType', specify precision and scale using 'HasPrecision', or configure a value converter using 'HasConversion'. ${newline}EXCEPTION: ${exception: ToString:maxInnerExceptionLevel=3}
2023-07-26 21:43:57.6104 - WARN: No store type was specified for the decimal property 'ExpectedPay' on entity type 'CandidateProfile'. This will cause values to be silently truncated if they do not fit in the default precision and scale. Explicitly specify the SQL server column type that can accommodate all the values in 'OnModelCreating' using 'HasColumnType', specify precision and scale using 'HasPrecision', or configure a value converter using 'HasConversion'. ${newline}EXCEPTION: ${exception: ToString:maxInnerExceptionLevel=3}
2023-07-26 21:44:05.1428 - INFO: Executed DbCommand (981ms) [Parameters=[@__userId_0='?' (DbType = Guid)], CommandType='Text', CommandTimeout='30']
SELECT TOP(1) [u].[UserId], [u].[CreatedBy], [u].[CreatedDate], [u].[DeletedBy], [u].[DeletedDate], [u].[FailedPasswordAttemptCount], [u].[IsActive], [u].[IsLockedOut], [u].[IsPasswordChanged], [u].[IsVerified], [u].[LastActivityDate], [u].[LastLockoutDate], [u].[LastLoginDate], [u].[LastPasswordChangedDate], [u].[LoweredUserName], [u].[ModifiedBy], [u].[ModifiedDate], [u].[Password], [u].[PasswordFormat], [u].[PasswordResetRequestActive], [u].[PasswordSalt], [u].[UniqueId], [u].[UserName]
FROM [UserMaster] AS [u]
WHERE [u].[UserId] = @__userId_0 AND [u].[IsActive] = CAST(1 AS bit) ${newline}EXCEPTION: ${exception: ToString:maxInnerExceptionLevel=3}
2023-07-26 21:44:06.0886 - INFO: Executed DbCommand (586ms) [Parameters=[@__userId_0='?' (DbType = Guid)], CommandType='Text', CommandTimeout='30']
SELECT TOP(1) [u].[UserRoleId], [u].[CreatedBy], [u].[CreatedDate], [u].[DeletedBy], [u].[DeletedDate], [u].[IsActive], [u].[ModifiedBy], [u].[ModifiedDate], [u].[RoleId], [u].[UserId], [r].[RoleId], [r].[CreatedBy], [r].[CreatedDate], [r].[DeletedBy], [r].[DeletedDate], [r].[Description], [r].[IsActive], [r].[ModifiedBy], [r].[ModifiedDate], [r].[RoleName]
FROM [UserRole] AS [u]
INNER JOIN [Role] AS [r] ON [u].[RoleId] = [r].[RoleId]
WHERE [u].[UserId] = @__userId_0 AND [u].[IsActive] = CAST(1 AS bit) ${newline}EXCEPTION: ${exception: ToString:maxInnerExceptionLevel=3}
2023-07-26 21:44:06.9063 - INFO: Executed DbCommand (707ms) [Parameters=[@__userId_0='?' (DbType = Guid)], CommandType='Text', CommandTimeout='30']
SELECT TOP(1) [c].[CandidateId], [c].[AdditionalSkills], [c].[Address], [c].[CityId], [c].[CreatedBy], [c].[CreatedDate], [c].[CurrentPay], [c].[DeletedBy], [c].[DeletedDate], [c].[DesignationId], [c].[EmailId], [c].[ExpectedPay], [c].[ExperienceId], [c].[GapInEducation], [c].[GapInExperience], [c].[IsActive], [c].[MobileNumber], [c].[ModifiedBy], [c].[ModifiedDate], [c].[Name], [c].[NoticePeriodId], [c].[PrimarySkillId], [c].[PromoCode], [c].[ReadyToChange], [c].[RestrictEmployerToViewProfile], [c].[UserId]
FROM [CandidateProfile] AS [c]
WHERE [c].[UserId] = @__userId_0 ${newline}EXCEPTION: ${exception: ToString:maxInnerExceptionLevel=3}
2023-07-26 21:44:07.7074 - INFO: Executed DbCommand (309ms) [Parameters=[@__userId_0='?' (DbType = Guid)], CommandType='Text', CommandTimeout='30']
SELECT TOP(1) [u].[RoleId]
FROM [UserRole] AS [u]
WHERE [u].[UserId] = @__userId_0 ${newline}EXCEPTION: ${exception: ToString:maxInnerExceptionLevel=3}
2023-07-26 21:44:08.3387 - INFO: Executed DbCommand (580ms) [Parameters=[@__roleId_0='?' (DbType = Int32)], CommandType='Text', CommandTimeout='30']
SELECT [r].[RoleScreenId], [r].[CreatedBy], [r].[CreatedDate], [r].[DeletedBy], [r].[DeletedDate], [r].[IsActive], [r].[ModifiedBy], [r].[ModifiedDate], [r].[RoleId], [r].[ScreenId], [r0].[RoleId], [r0].[CreatedBy], [r0].[CreatedDate], [r0].[DeletedBy], [r0].[DeletedDate], [r0].[Description], [r0].[IsActive], [r0].[ModifiedBy], [r0].[ModifiedDate], [r0].[RoleName], [s].[ScreenId], [s].[CreatedBy], [s].[CreatedDate], [s].[DeletedBy], [s].[DeletedDate], [s].[Description], [s].[Icon], [s].[IsActive], [s].[MenuLevel], [s].[ModifiedBy], [s].[ModifiedDate], [s].[ParentId], [s].[RoutePath], [s].[ScreenName]
FROM [RoleScreenMapping] AS [r]
INNER JOIN [Role] AS [r0] ON [r].[RoleId] = [r0].[RoleId]
INNER JOIN [Screen] AS [s] ON [r].[ScreenId] = [s].[ScreenId]
WHERE [r].[RoleId] = @__roleId_0 ${newline}EXCEPTION: ${exception: ToString:maxInnerExceptionLevel=3}
2023-07-26 21:44:09.1565 - INFO: Executed DbCommand (732ms) [Parameters=[@__roleId_0='?' (DbType = Int32)], CommandType='Text', CommandTimeout='30']
SELECT [r].[RoleId], [r0].[RoleName], [r].[ScreenId], [s].[ScreenName], [s].[Description] AS [DisplayName], [s].[RoutePath], [s].[Icon], [s].[MenuLevel], [s].[ParentId]
FROM [RoleScreenMapping] AS [r]
INNER JOIN [Role] AS [r0] ON [r].[RoleId] = [r0].[RoleId]
INNER JOIN [Screen] AS [s] ON [r].[ScreenId] = [s].[ScreenId]
WHERE [r].[RoleId] = @__roleId_0 ${newline}EXCEPTION: ${exception: ToString:maxInnerExceptionLevel=3}
2023-07-26 21:44:09.1841 - INFO: Executing OkObjectResult, writing value of type 'IAI.Models.Models.Responses.BaseResponse`1[[IAI.Models.Models.UserDetailsModel, IAI.Models, Version=1.0.0.0, Culture=neutral, PublicKeyToken=null]]'. ${newline}EXCEPTION: ${exception: ToString:maxInnerExceptionLevel=3}
2023-07-26 21:44:09.2566 - INFO: Executed action IAI.WebAPI.Controllers.AccountController.GetUserDetails (IAI.WebAPI) in 13675.2189ms ${newline}EXCEPTION: ${exception: ToString:maxInnerExceptionLevel=3}
2023-07-26 21:44:09.2566 - INFO: Executed endpoint 'IAI.WebAPI.Controllers.AccountController.GetUserDetails (IAI.WebAPI)' ${newline}EXCEPTION: ${exception: ToString:maxInnerExceptionLevel=3}
2023-07-26 21:44:09.2996 - INFO: Request finished HTTP/2 GET https://localhost:7254/api/Account/UserDetails - - - 200 - application/json;+charset=utf-8 17561.1951ms ${newline}EXCEPTION: ${exception: ToString:maxInnerExceptionLevel=3}
2023-07-26 21:52:59.2160 - INFO: Request starting HTTP/2 OPTIONS https://localhost:7254/api/Account/token - - ${newline}EXCEPTION: ${exception: ToString:maxInnerExceptionLevel=3}
2023-07-26 21:52:59.2251 - INFO: CORS policy execution successful. ${newline}EXCEPTION: ${exception: ToString:maxInnerExceptionLevel=3}
2023-07-26 21:52:59.2251 - INFO: Request finished HTTP/2 OPTIONS https://localhost:7254/api/Account/token - - - 204 - - 9.4659ms ${newline}EXCEPTION: ${exception: ToString:maxInnerExceptionLevel=3}
2023-07-26 21:52:59.2251 - INFO: Request starting HTTP/2 POST https://localhost:7254/api/Account/token application/json 72 ${newline}EXCEPTION: ${exception: ToString:maxInnerExceptionLevel=3}
2023-07-26 21:52:59.2251 - INFO: CORS policy execution successful. ${newline}EXCEPTION: ${exception: ToString:maxInnerExceptionLevel=3}
2023-07-26 21:52:59.2251 - INFO: Executing endpoint 'IAI.WebAPI.Controllers.AccountController.GetToken (IAI.WebAPI)' ${newline}EXCEPTION: ${exception: ToString:maxInnerExceptionLevel=3}
2023-07-26 21:52:59.2553 - INFO: Route matched with {action = "GetToken", controller = "Account"}. Executing controller action with signature System.Threading.Tasks.Task`1[Microsoft.AspNetCore.Mvc.IActionResult] GetToken(IAI.Models.Models.Account.LoginModel) on controller IAI.WebAPI.Controllers.AccountController (IAI.WebAPI). ${newline}EXCEPTION: ${exception: ToString:maxInnerExceptionLevel=3}
2023-07-26 21:53:01.4491 - INFO: Executed DbCommand (638ms) [Parameters=[@__ToLower_0='?' (Size = 4000)], CommandType='Text', CommandTimeout='30']
SELECT TOP(1) [u].[UserId], [u].[CreatedBy], [u].[CreatedDate], [u].[DeletedBy], [u].[DeletedDate], [u].[FailedPasswordAttemptCount], [u].[IsActive], [u].[IsLockedOut], [u].[IsPasswordChanged], [u].[IsVerified], [u].[LastActivityDate], [u].[LastLockoutDate], [u].[LastLoginDate], [u].[LastPasswordChangedDate], [u].[LoweredUserName], [u].[ModifiedBy], [u].[ModifiedDate], [u].[Password], [u].[PasswordFormat], [u].[PasswordResetRequestActive], [u].[PasswordSalt], [u].[UniqueId], [u].[UserName]
FROM [UserMaster] AS [u]
WHERE LOWER([u].[UserName]) = @__ToLower_0 AND [u].[IsActive] = CAST(1 AS bit) ${newline}EXCEPTION: ${exception: ToString:maxInnerExceptionLevel=3}
2023-07-26 21:53:04.3031 - INFO: Executed DbCommand (610ms) [Parameters=[@__userId_0='?' (DbType = Guid)], CommandType='Text', CommandTimeout='30']
SELECT TOP(1) [u].[UserRoleId], [u].[CreatedBy], [u].[CreatedDate], [u].[DeletedBy], [u].[DeletedDate], [u].[IsActive], [u].[ModifiedBy], [u].[ModifiedDate], [u].[RoleId], [u].[UserId], [r].[RoleId], [r].[CreatedBy], [r].[CreatedDate], [r].[DeletedBy], [r].[DeletedDate], [r].[Description], [r].[IsActive], [r].[ModifiedBy], [r].[ModifiedDate], [r].[RoleName]
FROM [UserRole] AS [u]
INNER JOIN [Role] AS [r] ON [u].[RoleId] = [r].[RoleId]
WHERE [u].[UserId] = @__userId_0 AND [u].[IsActive] = CAST(1 AS bit) ${newline}EXCEPTION: ${exception: ToString:maxInnerExceptionLevel=3}
2023-07-26 21:53:04.3730 - INFO: Executing OkObjectResult, writing value of type 'IAI.Models.Models.JWTTokens.UserTokens'. ${newline}EXCEPTION: ${exception: ToString:maxInnerExceptionLevel=3}
2023-07-26 21:53:04.3996 - INFO: Executed action IAI.WebAPI.Controllers.AccountController.GetToken (IAI.WebAPI) in 5144.1619ms ${newline}EXCEPTION: ${exception: ToString:maxInnerExceptionLevel=3}
2023-07-26 21:53:04.3996 - INFO: Executed endpoint 'IAI.WebAPI.Controllers.AccountController.GetToken (IAI.WebAPI)' ${newline}EXCEPTION: ${exception: ToString:maxInnerExceptionLevel=3}
2023-07-26 21:53:04.3996 - INFO: Request finished HTTP/2 POST https://localhost:7254/api/Account/token application/json 72 - 200 - application/json;+charset=utf-8 5171.7699ms ${newline}EXCEPTION: ${exception: ToString:maxInnerExceptionLevel=3}
2023-07-26 21:53:04.4371 - INFO: Request starting HTTP/2 OPTIONS https://localhost:7254/api/Account/UserDetails - - ${newline}EXCEPTION: ${exception: ToString:maxInnerExceptionLevel=3}
2023-07-26 21:53:04.4371 - INFO: CORS policy execution successful. ${newline}EXCEPTION: ${exception: ToString:maxInnerExceptionLevel=3}
2023-07-26 21:53:04.4371 - INFO: Request finished HTTP/2 OPTIONS https://localhost:7254/api/Account/UserDetails - - - 204 - - 0.2253ms ${newline}EXCEPTION: ${exception: ToString:maxInnerExceptionLevel=3}
2023-07-26 21:53:04.4371 - INFO: Request starting HTTP/2 GET https://localhost:7254/api/Account/UserDetails - - ${newline}EXCEPTION: ${exception: ToString:maxInnerExceptionLevel=3}
2023-07-26 21:53:04.4371 - INFO: CORS policy execution successful. ${newline}EXCEPTION: ${exception: ToString:maxInnerExceptionLevel=3}
2023-07-26 21:53:04.4371 - INFO: Executing endpoint 'IAI.WebAPI.Controllers.AccountController.GetUserDetails (IAI.WebAPI)' ${newline}EXCEPTION: ${exception: ToString:maxInnerExceptionLevel=3}
2023-07-26 21:53:04.4433 - INFO: Route matched with {action = "GetUserDetails", controller = "Account"}. Executing controller action with signature System.Threading.Tasks.Task`1[Microsoft.AspNetCore.Mvc.IActionResult] GetUserDetails() on controller IAI.WebAPI.Controllers.AccountController (IAI.WebAPI). ${newline}EXCEPTION: ${exception: ToString:maxInnerExceptionLevel=3}
2023-07-26 21:53:05.1364 - INFO: Executed DbCommand (612ms) [Parameters=[@__userId_0='?' (DbType = Guid)], CommandType='Text', CommandTimeout='30']
SELECT TOP(1) [u].[UserId], [u].[CreatedBy], [u].[CreatedDate], [u].[DeletedBy], [u].[DeletedDate], [u].[FailedPasswordAttemptCount], [u].[IsActive], [u].[IsLockedOut], [u].[IsPasswordChanged], [u].[IsVerified], [u].[LastActivityDate], [u].[LastLockoutDate], [u].[LastLoginDate], [u].[LastPasswordChangedDate], [u].[LoweredUserName], [u].[ModifiedBy], [u].[ModifiedDate], [u].[Password], [u].[PasswordFormat], [u].[PasswordResetRequestActive], [u].[PasswordSalt], [u].[UniqueId], [u].[UserName]
FROM [UserMaster] AS [u]
WHERE [u].[UserId] = @__userId_0 AND [u].[IsActive] = CAST(1 AS bit) ${newline}EXCEPTION: ${exception: ToString:maxInnerExceptionLevel=3}
2023-07-26 21:53:05.5190 - INFO: Executed DbCommand (381ms) [Parameters=[@__userId_0='?' (DbType = Guid)], CommandType='Text', CommandTimeout='30']
SELECT TOP(1) [u].[UserRoleId], [u].[CreatedBy], [u].[CreatedDate], [u].[DeletedBy], [u].[DeletedDate], [u].[IsActive], [u].[ModifiedBy], [u].[ModifiedDate], [u].[RoleId], [u].[UserId], [r].[RoleId], [r].[CreatedBy], [r].[CreatedDate], [r].[DeletedBy], [r].[DeletedDate], [r].[Description], [r].[IsActive], [r].[ModifiedBy], [r].[ModifiedDate], [r].[RoleName]
FROM [UserRole] AS [u]
INNER JOIN [Role] AS [r] ON [u].[RoleId] = [r].[RoleId]
WHERE [u].[UserId] = @__userId_0 AND [u].[IsActive] = CAST(1 AS bit) ${newline}EXCEPTION: ${exception: ToString:maxInnerExceptionLevel=3}
2023-07-26 21:53:05.8313 - INFO: Executed DbCommand (311ms) [Parameters=[@__userId_0='?' (DbType = Guid)], CommandType='Text', CommandTimeout='30']
SELECT TOP(1) [c].[CandidateId], [c].[AdditionalSkills], [c].[Address], [c].[CityId], [c].[CreatedBy], [c].[CreatedDate], [c].[CurrentPay], [c].[DeletedBy], [c].[DeletedDate], [c].[DesignationId], [c].[EmailId], [c].[ExpectedPay], [c].[ExperienceId], [c].[GapInEducation], [c].[GapInExperience], [c].[IsActive], [c].[MobileNumber], [c].[ModifiedBy], [c].[ModifiedDate], [c].[Name], [c].[NoticePeriodId], [c].[PrimarySkillId], [c].[PromoCode], [c].[ReadyToChange], [c].[RestrictEmployerToViewProfile], [c].[UserId]
FROM [CandidateProfile] AS [c]
WHERE [c].[UserId] = @__userId_0 ${newline}EXCEPTION: ${exception: ToString:maxInnerExceptionLevel=3}
2023-07-26 21:53:06.1512 - INFO: Executed DbCommand (317ms) [Parameters=[@__userId_0='?' (DbType = Guid)], CommandType='Text', CommandTimeout='30']
SELECT TOP(1) [u].[RoleId]
FROM [UserRole] AS [u]
WHERE [u].[UserId] = @__userId_0 ${newline}EXCEPTION: ${exception: ToString:maxInnerExceptionLevel=3}
2023-07-26 21:53:06.4803 - INFO: Executed DbCommand (323ms) [Parameters=[@__roleId_0='?' (DbType = Int32)], CommandType='Text', CommandTimeout='30']
SELECT [r].[RoleScreenId], [r].[CreatedBy], [r].[CreatedDate], [r].[DeletedBy], [r].[DeletedDate], [r].[IsActive], [r].[ModifiedBy], [r].[ModifiedDate], [r].[RoleId], [r].[ScreenId], [r0].[RoleId], [r0].[CreatedBy], [r0].[CreatedDate], [r0].[DeletedBy], [r0].[DeletedDate], [r0].[Description], [r0].[IsActive], [r0].[ModifiedBy], [r0].[ModifiedDate], [r0].[RoleName], [s].[ScreenId], [s].[CreatedBy], [s].[CreatedDate], [s].[DeletedBy], [s].[DeletedDate], [s].[Description], [s].[Icon], [s].[IsActive], [s].[MenuLevel], [s].[ModifiedBy], [s].[ModifiedDate], [s].[ParentId], [s].[RoutePath], [s].[ScreenName]
FROM [RoleScreenMapping] AS [r]
INNER JOIN [Role] AS [r0] ON [r].[RoleId] = [r0].[RoleId]
INNER JOIN [Screen] AS [s] ON [r].[ScreenId] = [s].[ScreenId]
WHERE [r].[RoleId] = @__roleId_0 ${newline}EXCEPTION: ${exception: ToString:maxInnerExceptionLevel=3}
2023-07-26 21:53:06.7905 - INFO: Executed DbCommand (299ms) [Parameters=[@__roleId_0='?' (DbType = Int32)], CommandType='Text', CommandTimeout='30']
SELECT [r].[RoleId], [r0].[RoleName], [r].[ScreenId], [s].[ScreenName], [s].[Description] AS [DisplayName], [s].[RoutePath], [s].[Icon], [s].[MenuLevel], [s].[ParentId]
FROM [RoleScreenMapping] AS [r]
INNER JOIN [Role] AS [r0] ON [r].[RoleId] = [r0].[RoleId]
INNER JOIN [Screen] AS [s] ON [r].[ScreenId] = [s].[ScreenId]
WHERE [r].[RoleId] = @__roleId_0 ${newline}EXCEPTION: ${exception: ToString:maxInnerExceptionLevel=3}
2023-07-26 21:53:06.7905 - INFO: Executing OkObjectResult, writing value of type 'IAI.Models.Models.Responses.BaseResponse`1[[IAI.Models.Models.UserDetailsModel, IAI.Models, Version=1.0.0.0, Culture=neutral, PublicKeyToken=null]]'. ${newline}EXCEPTION: ${exception: ToString:maxInnerExceptionLevel=3}
2023-07-26 21:53:06.7905 - INFO: Executed action IAI.WebAPI.Controllers.AccountController.GetUserDetails (IAI.WebAPI) in 2348.5754ms ${newline}EXCEPTION: ${exception: ToString:maxInnerExceptionLevel=3}
2023-07-26 21:53:06.7905 - INFO: Executed endpoint 'IAI.WebAPI.Controllers.AccountController.GetUserDetails (IAI.WebAPI)' ${newline}EXCEPTION: ${exception: ToString:maxInnerExceptionLevel=3}
2023-07-26 21:53:06.7905 - INFO: Request finished HTTP/2 GET https://localhost:7254/api/Account/UserDetails - - - 200 - application/json;+charset=utf-8 2353.2891ms ${newline}EXCEPTION: ${exception: ToString:maxInnerExceptionLevel=3}
2023-07-26 21:54:46.3918 - INFO: Request starting HTTP/2 OPTIONS https://localhost:7254/api/Account/UserDetails - - ${newline}EXCEPTION: ${exception: ToString:maxInnerExceptionLevel=3}
2023-07-26 21:54:46.3918 - INFO: CORS policy execution successful. ${newline}EXCEPTION: ${exception: ToString:maxInnerExceptionLevel=3}
2023-07-26 21:54:46.4097 - INFO: Request finished HTTP/2 OPTIONS https://localhost:7254/api/Account/UserDetails - - - 204 - - 17.4818ms ${newline}EXCEPTION: ${exception: ToString:maxInnerExceptionLevel=3}
2023-07-26 21:54:46.4309 - INFO: Request starting HTTP/2 GET https://localhost:7254/api/Account/UserDetails - - ${newline}EXCEPTION: ${exception: ToString:maxInnerExceptionLevel=3}
2023-07-26 21:54:46.4309 - INFO: CORS policy execution successful. ${newline}EXCEPTION: ${exception: ToString:maxInnerExceptionLevel=3}
2023-07-26 21:54:46.4309 - INFO: Executing endpoint 'IAI.WebAPI.Controllers.AccountController.GetUserDetails (IAI.WebAPI)' ${newline}EXCEPTION: ${exception: ToString:maxInnerExceptionLevel=3}
2023-07-26 21:54:46.4309 - INFO: Route matched with {action = "GetUserDetails", controller = "Account"}. Executing controller action with signature System.Threading.Tasks.Task`1[Microsoft.AspNetCore.Mvc.IActionResult] GetUserDetails() on controller IAI.WebAPI.Controllers.AccountController (IAI.WebAPI). ${newline}EXCEPTION: ${exception: ToString:maxInnerExceptionLevel=3}
2023-07-26 21:54:46.7532 - INFO: Executed DbCommand (314ms) [Parameters=[@__userId_0='?' (DbType = Guid)], CommandType='Text', CommandTimeout='30']
SELECT TOP(1) [u].[UserId], [u].[CreatedBy], [u].[CreatedDate], [u].[DeletedBy], [u].[DeletedDate], [u].[FailedPasswordAttemptCount], [u].[IsActive], [u].[IsLockedOut], [u].[IsPasswordChanged], [u].[IsVerified], [u].[LastActivityDate], [u].[LastLockoutDate], [u].[LastLoginDate], [u].[LastPasswordChangedDate], [u].[LoweredUserName], [u].[ModifiedBy], [u].[ModifiedDate], [u].[Password], [u].[PasswordFormat], [u].[PasswordResetRequestActive], [u].[PasswordSalt], [u].[UniqueId], [u].[UserName]
FROM [UserMaster] AS [u]
WHERE [u].[UserId] = @__userId_0 AND [u].[IsActive] = CAST(1 AS bit) ${newline}EXCEPTION: ${exception: ToString:maxInnerExceptionLevel=3}
2023-07-26 21:54:47.0524 - INFO: Executed DbCommand (297ms) [Parameters=[@__userId_0='?' (DbType = Guid)], CommandType='Text', CommandTimeout='30']
SELECT TOP(1) [u].[UserRoleId], [u].[CreatedBy], [u].[CreatedDate], [u].[DeletedBy], [u].[DeletedDate], [u].[IsActive], [u].[ModifiedBy], [u].[ModifiedDate], [u].[RoleId], [u].[UserId], [r].[RoleId], [r].[CreatedBy], [r].[CreatedDate], [r].[DeletedBy], [r].[DeletedDate], [r].[Description], [r].[IsActive], [r].[ModifiedBy], [r].[ModifiedDate], [r].[RoleName]
FROM [UserRole] AS [u]
INNER JOIN [Role] AS [r] ON [u].[RoleId] = [r].[RoleId]
WHERE [u].[UserId] = @__userId_0 AND [u].[IsActive] = CAST(1 AS bit) ${newline}EXCEPTION: ${exception: ToString:maxInnerExceptionLevel=3}
2023-07-26 21:54:47.5238 - INFO: Executed DbCommand (469ms) [Parameters=[@__userId_0='?' (DbType = Guid)], CommandType='Text', CommandTimeout='30']
SELECT TOP(1) [c].[CandidateId], [c].[AdditionalSkills], [c].[Address], [c].[CityId], [c].[CreatedBy], [c].[CreatedDate], [c].[CurrentPay], [c].[DeletedBy], [c].[DeletedDate], [c].[DesignationId], [c].[EmailId], [c].[ExpectedPay], [c].[ExperienceId], [c].[GapInEducation], [c].[GapInExperience], [c].[IsActive], [c].[MobileNumber], [c].[ModifiedBy], [c].[ModifiedDate], [c].[Name], [c].[NoticePeriodId], [c].[PrimarySkillId], [c].[PromoCode], [c].[ReadyToChange], [c].[RestrictEmployerToViewProfile], [c].[UserId]
FROM [CandidateProfile] AS [c]
WHERE [c].[UserId] = @__userId_0 ${newline}EXCEPTION: ${exception: ToString:maxInnerExceptionLevel=3}
2023-07-26 21:54:47.8092 - INFO: Executed DbCommand (284ms) [Parameters=[@__userId_0='?' (DbType = Guid)], CommandType='Text', CommandTimeout='30']
SELECT TOP(1) [u].[RoleId]
FROM [UserRole] AS [u]
WHERE [u].[UserId] = @__userId_0 ${newline}EXCEPTION: ${exception: ToString:maxInnerExceptionLevel=3}
2023-07-26 21:54:48.1092 - INFO: Executed DbCommand (299ms) [Parameters=[@__roleId_0='?' (DbType = Int32)], CommandType='Text', CommandTimeout='30']
SELECT [r].[RoleScreenId], [r].[CreatedBy], [r].[CreatedDate], [r].[DeletedBy], [r].[DeletedDate], [r].[IsActive], [r].[ModifiedBy], [r].[ModifiedDate], [r].[RoleId], [r].[ScreenId], [r0].[RoleId], [r0].[CreatedBy], [r0].[CreatedDate], [r0].[DeletedBy], [r0].[DeletedDate], [r0].[Description], [r0].[IsActive], [r0].[ModifiedBy], [r0].[ModifiedDate], [r0].[RoleName], [s].[ScreenId], [s].[CreatedBy], [s].[CreatedDate], [s].[DeletedBy], [s].[DeletedDate], [s].[Description], [s].[Icon], [s].[IsActive], [s].[MenuLevel], [s].[ModifiedBy], [s].[ModifiedDate], [s].[ParentId], [s].[RoutePath], [s].[ScreenName]
FROM [RoleScreenMapping] AS [r]
INNER JOIN [Role] AS [r0] ON [r].[RoleId] = [r0].[RoleId]
INNER JOIN [Screen] AS [s] ON [r].[ScreenId] = [s].[ScreenId]
WHERE [r].[RoleId] = @__roleId_0 ${newline}EXCEPTION: ${exception: ToString:maxInnerExceptionLevel=3}
2023-07-26 21:54:48.7593 - INFO: Executed DbCommand (648ms) [Parameters=[@__roleId_0='?' (DbType = Int32)], CommandType='Text', CommandTimeout='30']
SELECT [r].[RoleId], [r0].[RoleName], [r].[ScreenId], [s].[ScreenName], [s].[Description] AS [DisplayName], [s].[RoutePath], [s].[Icon], [s].[MenuLevel], [s].[ParentId]
FROM [RoleScreenMapping] AS [r]
INNER JOIN [Role] AS [r0] ON [r].[RoleId] = [r0].[RoleId]
INNER JOIN [Screen] AS [s] ON [r].[ScreenId] = [s].[ScreenId]
WHERE [r].[RoleId] = @__roleId_0 ${newline}EXCEPTION: ${exception: ToString:maxInnerExceptionLevel=3}
2023-07-26 21:54:48.7593 - INFO: Executing OkObjectResult, writing value of type 'IAI.Models.Models.Responses.BaseResponse`1[[IAI.Models.Models.UserDetailsModel, IAI.Models, Version=1.0.0.0, Culture=neutral, PublicKeyToken=null]]'. ${newline}EXCEPTION: ${exception: ToString:maxInnerExceptionLevel=3}
2023-07-26 21:54:48.7593 - INFO: Executed action IAI.WebAPI.Controllers.AccountController.GetUserDetails (IAI.WebAPI) in 2321.629ms ${newline}EXCEPTION: ${exception: ToString:maxInnerExceptionLevel=3}
2023-07-26 21:54:48.7593 - INFO: Executed endpoint 'IAI.WebAPI.Controllers.AccountController.GetUserDetails (IAI.WebAPI)' ${newline}EXCEPTION: ${exception: ToString:maxInnerExceptionLevel=3}
2023-07-26 21:54:48.7593 - INFO: Request finished HTTP/2 GET https://localhost:7254/api/Account/UserDetails - - - 200 - application/json;+charset=utf-8 2329.5275ms ${newline}EXCEPTION: ${exception: ToString:maxInnerExceptionLevel=3}
2023-07-26 21:56:43.6492 - INFO: Request starting HTTP/2 OPTIONS https://localhost:7254/api/Account/UserDetails - - ${newline}EXCEPTION: ${exception: ToString:maxInnerExceptionLevel=3}
2023-07-26 21:56:43.6492 - INFO: CORS policy execution successful. ${newline}EXCEPTION: ${exception: ToString:maxInnerExceptionLevel=3}
2023-07-26 21:56:43.6492 - INFO: Request finished HTTP/2 OPTIONS https://localhost:7254/api/Account/UserDetails - - - 204 - - 3.4973ms ${newline}EXCEPTION: ${exception: ToString:maxInnerExceptionLevel=3}
2023-07-26 21:56:43.6977 - INFO: Request starting HTTP/2 GET https://localhost:7254/api/Account/UserDetails - - ${newline}EXCEPTION: ${exception: ToString:maxInnerExceptionLevel=3}
2023-07-26 21:56:43.6977 - INFO: CORS policy execution successful. ${newline}EXCEPTION: ${exception: ToString:maxInnerExceptionLevel=3}
2023-07-26 21:56:43.6977 - INFO: Executing endpoint 'IAI.WebAPI.Controllers.AccountController.GetUserDetails (IAI.WebAPI)' ${newline}EXCEPTION: ${exception: ToString:maxInnerExceptionLevel=3}
2023-07-26 21:56:43.6977 - INFO: Route matched with {action = "GetUserDetails", controller = "Account"}. Executing controller action with signature System.Threading.Tasks.Task`1[Microsoft.AspNetCore.Mvc.IActionResult] GetUserDetails() on controller IAI.WebAPI.Controllers.AccountController (IAI.WebAPI). ${newline}EXCEPTION: ${exception: ToString:maxInnerExceptionLevel=3}
2023-07-26 21:56:44.0150 - INFO: Executed DbCommand (316ms) [Parameters=[@__userId_0='?' (DbType = Guid)], CommandType='Text', CommandTimeout='30']
SELECT TOP(1) [u].[UserId], [u].[CreatedBy], [u].[CreatedDate], [u].[DeletedBy], [u].[DeletedDate], [u].[FailedPasswordAttemptCount], [u].[IsActive], [u].[IsLockedOut], [u].[IsPasswordChanged], [u].[IsVerified], [u].[LastActivityDate], [u].[LastLockoutDate], [u].[LastLoginDate], [u].[LastPasswordChangedDate], [u].[LoweredUserName], [u].[ModifiedBy], [u].[ModifiedDate], [u].[Password], [u].[PasswordFormat], [u].[PasswordResetRequestActive], [u].[PasswordSalt], [u].[UniqueId], [u].[UserName]
FROM [UserMaster] AS [u]
WHERE [u].[UserId] = @__userId_0 AND [u].[IsActive] = CAST(1 AS bit) ${newline}EXCEPTION: ${exception: ToString:maxInnerExceptionLevel=3}
2023-07-26 21:56:44.3919 - INFO: Executed DbCommand (376ms) [Parameters=[@__userId_0='?' (DbType = Guid)], CommandType='Text', CommandTimeout='30']
SELECT TOP(1) [u].[UserRoleId], [u].[CreatedBy], [u].[CreatedDate], [u].[DeletedBy], [u].[DeletedDate], [u].[IsActive], [u].[ModifiedBy], [u].[ModifiedDate], [u].[RoleId], [u].[UserId], [r].[RoleId], [r].[CreatedBy], [r].[CreatedDate], [r].[DeletedBy], [r].[DeletedDate], [r].[Description], [r].[IsActive], [r].[ModifiedBy], [r].[ModifiedDate], [r].[RoleName]
FROM [UserRole] AS [u]
INNER JOIN [Role] AS [r] ON [u].[RoleId] = [r].[RoleId]
WHERE [u].[UserId] = @__userId_0 AND [u].[IsActive] = CAST(1 AS bit) ${newline}EXCEPTION: ${exception: ToString:maxInnerExceptionLevel=3}
2023-07-26 21:56:44.7110 - INFO: Executed DbCommand (318ms) [Parameters=[@__userId_0='?' (DbType = Guid)], CommandType='Text', CommandTimeout='30']
SELECT TOP(1) [c].[CandidateId], [c].[AdditionalSkills], [c].[Address], [c].[CityId], [c].[CreatedBy], [c].[CreatedDate], [c].[CurrentPay], [c].[DeletedBy], [c].[DeletedDate], [c].[DesignationId], [c].[EmailId], [c].[ExpectedPay], [c].[ExperienceId], [c].[GapInEducation], [c].[GapInExperience], [c].[IsActive], [c].[MobileNumber], [c].[ModifiedBy], [c].[ModifiedDate], [c].[Name], [c].[NoticePeriodId], [c].[PrimarySkillId], [c].[PromoCode], [c].[ReadyToChange], [c].[RestrictEmployerToViewProfile], [c].[UserId]
FROM [CandidateProfile] AS [c]
WHERE [c].[UserId] = @__userId_0 ${newline}EXCEPTION: ${exception: ToString:maxInnerExceptionLevel=3}
2023-07-26 21:56:45.0543 - INFO: Executed DbCommand (342ms) [Parameters=[@__userId_0='?' (DbType = Guid)], CommandType='Text', CommandTimeout='30']
SELECT TOP(1) [u].[RoleId]
FROM [UserRole] AS [u]
WHERE [u].[UserId] = @__userId_0 ${newline}EXCEPTION: ${exception: ToString:maxInnerExceptionLevel=3}
2023-07-26 21:56:45.3613 - INFO: Executed DbCommand (305ms) [Parameters=[@__roleId_0='?' (DbType = Int32)], CommandType='Text', CommandTimeout='30']
SELECT [r].[RoleScreenId], [r].[CreatedBy], [r].[CreatedDate], [r].[DeletedBy], [r].[DeletedDate], [r].[IsActive], [r].[ModifiedBy], [r].[ModifiedDate], [r].[RoleId], [r].[ScreenId], [r0].[RoleId], [r0].[CreatedBy], [r0].[CreatedDate], [r0].[DeletedBy], [r0].[DeletedDate], [r0].[Description], [r0].[IsActive], [r0].[ModifiedBy], [r0].[ModifiedDate], [r0].[RoleName], [s].[ScreenId], [s].[CreatedBy], [s].[CreatedDate], [s].[DeletedBy], [s].[DeletedDate], [s].[Description], [s].[Icon], [s].[IsActive], [s].[MenuLevel], [s].[ModifiedBy], [s].[ModifiedDate], [s].[ParentId], [s].[RoutePath], [s].[ScreenName]
FROM [RoleScreenMapping] AS [r]
INNER JOIN [Role] AS [r0] ON [r].[RoleId] = [r0].[RoleId]
INNER JOIN [Screen] AS [s] ON [r].[ScreenId] = [s].[ScreenId]
WHERE [r].[RoleId] = @__roleId_0 ${newline}EXCEPTION: ${exception: ToString:maxInnerExceptionLevel=3}
2023-07-26 21:56:45.6698 - INFO: Executed DbCommand (306ms) [Parameters=[@__roleId_0='?' (DbType = Int32)], CommandType='Text', CommandTimeout='30']
SELECT [r].[RoleId], [r0].[RoleName], [r].[ScreenId], [s].[ScreenName], [s].[Description] AS [DisplayName], [s].[RoutePath], [s].[Icon], [s].[MenuLevel], [s].[ParentId]
FROM [RoleScreenMapping] AS [r]
INNER JOIN [Role] AS [r0] ON [r].[RoleId] = [r0].[RoleId]
INNER JOIN [Screen] AS [s] ON [r].[ScreenId] = [s].[ScreenId]
WHERE [r].[RoleId] = @__roleId_0 ${newline}EXCEPTION: ${exception: ToString:maxInnerExceptionLevel=3}
2023-07-26 21:56:45.6698 - INFO: Executing OkObjectResult, writing value of type 'IAI.Models.Models.Responses.BaseResponse`1[[IAI.Models.Models.UserDetailsModel, IAI.Models, Version=1.0.0.0, Culture=neutral, PublicKeyToken=null]]'. ${newline}EXCEPTION: ${exception: ToString:maxInnerExceptionLevel=3}
2023-07-26 21:56:45.6698 - INFO: Executed action IAI.WebAPI.Controllers.AccountController.GetUserDetails (IAI.WebAPI) in 1972.8385ms ${newline}EXCEPTION: ${exception: ToString:maxInnerExceptionLevel=3}
2023-07-26 21:56:45.6698 - INFO: Executed endpoint 'IAI.WebAPI.Controllers.AccountController.GetUserDetails (IAI.WebAPI)' ${newline}EXCEPTION: ${exception: ToString:maxInnerExceptionLevel=3}
2023-07-26 21:56:45.6698 - INFO: Request finished HTTP/2 GET https://localhost:7254/api/Account/UserDetails - - - 200 - application/json;+charset=utf-8 1974.4004ms ${newline}EXCEPTION: ${exception: ToString:maxInnerExceptionLevel=3}
2023-07-26 21:59:36.2917 - INFO: Request starting HTTP/2 OPTIONS https://localhost:7254/api/Account/UserDetails - - ${newline}EXCEPTION: ${exception: ToString:maxInnerExceptionLevel=3}
2023-07-26 21:59:36.2917 - INFO: CORS policy execution successful. ${newline}EXCEPTION: ${exception: ToString:maxInnerExceptionLevel=3}
2023-07-26 21:59:36.2917 - INFO: Request finished HTTP/2 OPTIONS https://localhost:7254/api/Account/UserDetails - - - 204 - - 6.7273ms ${newline}EXCEPTION: ${exception: ToString:maxInnerExceptionLevel=3}
2023-07-26 21:59:36.3264 - INFO: Request starting HTTP/2 GET https://localhost:7254/api/Account/UserDetails - - ${newline}EXCEPTION: ${exception: ToString:maxInnerExceptionLevel=3}
2023-07-26 21:59:36.3264 - INFO: CORS policy execution successful. ${newline}EXCEPTION: ${exception: ToString:maxInnerExceptionLevel=3}
2023-07-26 21:59:36.3373 - INFO: Executing endpoint 'IAI.WebAPI.Controllers.AccountController.GetUserDetails (IAI.WebAPI)' ${newline}EXCEPTION: ${exception: ToString:maxInnerExceptionLevel=3}
2023-07-26 21:59:36.3373 - INFO: Route matched with {action = "GetUserDetails", controller = "Account"}. Executing controller action with signature System.Threading.Tasks.Task`1[Microsoft.AspNetCore.Mvc.IActionResult] GetUserDetails() on controller IAI.WebAPI.Controllers.AccountController (IAI.WebAPI). ${newline}EXCEPTION: ${exception: ToString:maxInnerExceptionLevel=3}
2023-07-26 21:59:36.6553 - INFO: Executed DbCommand (316ms) [Parameters=[@__userId_0='?' (DbType = Guid)], CommandType='Text', CommandTimeout='30']
SELECT TOP(1) [u].[UserId], [u].[CreatedBy], [u].[CreatedDate], [u].[DeletedBy], [u].[DeletedDate], [u].[FailedPasswordAttemptCount], [u].[IsActive], [u].[IsLockedOut], [u].[IsPasswordChanged], [u].[IsVerified], [u].[LastActivityDate], [u].[LastLockoutDate], [u].[LastLoginDate], [u].[LastPasswordChangedDate], [u].[LoweredUserName], [u].[ModifiedBy], [u].[ModifiedDate], [u].[Password], [u].[PasswordFormat], [u].[PasswordResetRequestActive], [u].[PasswordSalt], [u].[UniqueId], [u].[UserName]
FROM [UserMaster] AS [u]
WHERE [u].[UserId] = @__userId_0 AND [u].[IsActive] = CAST(1 AS bit) ${newline}EXCEPTION: ${exception: ToString:maxInnerExceptionLevel=3}
2023-07-26 21:59:37.1572 - INFO: Executed DbCommand (500ms) [Parameters=[@__userId_0='?' (DbType = Guid)], CommandType='Text', CommandTimeout='30']
SELECT TOP(1) [u].[UserRoleId], [u].[CreatedBy], [u].[CreatedDate], [u].[DeletedBy], [u].[DeletedDate], [u].[IsActive], [u].[ModifiedBy], [u].[ModifiedDate], [u].[RoleId], [u].[UserId], [r].[RoleId], [r].[CreatedBy], [r].[CreatedDate], [r].[DeletedBy], [r].[DeletedDate], [r].[Description], [r].[IsActive], [r].[ModifiedBy], [r].[ModifiedDate], [r].[RoleName]
FROM [UserRole] AS [u]
INNER JOIN [Role] AS [r] ON [u].[RoleId] = [r].[RoleId]
WHERE [u].[UserId] = @__userId_0 AND [u].[IsActive] = CAST(1 AS bit) ${newline}EXCEPTION: ${exception: ToString:maxInnerExceptionLevel=3}
2023-07-26 21:59:37.5158 - INFO: Executed DbCommand (358ms) [Parameters=[@__userId_0='?' (DbType = Guid)], CommandType='Text', CommandTimeout='30']
SELECT TOP(1) [c].[CandidateId], [c].[AdditionalSkills], [c].[Address], [c].[CityId], [c].[CreatedBy], [c].[CreatedDate], [c].[CurrentPay], [c].[DeletedBy], [c].[DeletedDate], [c].[DesignationId], [c].[EmailId], [c].[ExpectedPay], [c].[ExperienceId], [c].[GapInEducation], [c].[GapInExperience], [c].[IsActive], [c].[MobileNumber], [c].[ModifiedBy], [c].[ModifiedDate], [c].[Name], [c].[NoticePeriodId], [c].[PrimarySkillId], [c].[PromoCode], [c].[ReadyToChange], [c].[RestrictEmployerToViewProfile], [c].[UserId]
FROM [CandidateProfile] AS [c]
WHERE [c].[UserId] = @__userId_0 ${newline}EXCEPTION: ${exception: ToString:maxInnerExceptionLevel=3}
2023-07-26 21:59:37.8373 - INFO: Executed DbCommand (319ms) [Parameters=[@__userId_0='?' (DbType = Guid)], CommandType='Text', CommandTimeout='30']
SELECT TOP(1) [u].[RoleId]
FROM [UserRole] AS [u]
WHERE [u].[UserId] = @__userId_0 ${newline}EXCEPTION: ${exception: ToString:maxInnerExceptionLevel=3}
2023-07-26 21:59:38.1585 - INFO: Executed DbCommand (320ms) [Parameters=[@__roleId_0='?' (DbType = Int32)], CommandType='Text', CommandTimeout='30']
SELECT [r].[RoleScreenId], [r].[CreatedBy], [r].[CreatedDate], [r].[DeletedBy], [r].[DeletedDate], [r].[IsActive], [r].[ModifiedBy], [r].[ModifiedDate], [r].[RoleId], [r].[ScreenId], [r0].[RoleId], [r0].[CreatedBy], [r0].[CreatedDate], [r0].[DeletedBy], [r0].[DeletedDate], [r0].[Description], [r0].[IsActive], [r0].[ModifiedBy], [r0].[ModifiedDate], [r0].[RoleName], [s].[ScreenId], [s].[CreatedBy], [s].[CreatedDate], [s].[DeletedBy], [s].[DeletedDate], [s].[Description], [s].[Icon], [s].[IsActive], [s].[MenuLevel], [s].[ModifiedBy], [s].[ModifiedDate], [s].[ParentId], [s].[RoutePath], [s].[ScreenName]
FROM [RoleScreenMapping] AS [r]
INNER JOIN [Role] AS [r0] ON [r].[RoleId] = [r0].[RoleId]
INNER JOIN [Screen] AS [s] ON [r].[ScreenId] = [s].[ScreenId]
WHERE [r].[RoleId] = @__roleId_0 ${newline}EXCEPTION: ${exception: ToString:maxInnerExceptionLevel=3}
2023-07-26 21:59:38.4719 - INFO: Executed DbCommand (311ms) [Parameters=[@__roleId_0='?' (DbType = Int32)], CommandType='Text', CommandTimeout='30']
SELECT [r].[RoleId], [r0].[RoleName], [r].[ScreenId], [s].[ScreenName], [s].[Description] AS [DisplayName], [s].[RoutePath], [s].[Icon], [s].[MenuLevel], [s].[ParentId]
FROM [RoleScreenMapping] AS [r]
INNER JOIN [Role] AS [r0] ON [r].[RoleId] = [r0].[RoleId]
INNER JOIN [Screen] AS [s] ON [r].[ScreenId] = [s].[ScreenId]
WHERE [r].[RoleId] = @__roleId_0 ${newline}EXCEPTION: ${exception: ToString:maxInnerExceptionLevel=3}
2023-07-26 21:59:38.4719 - INFO: Executing OkObjectResult, writing value of type 'IAI.Models.Models.Responses.BaseResponse`1[[IAI.Models.Models.UserDetailsModel, IAI.Models, Version=1.0.0.0, Culture=neutral, PublicKeyToken=null]]'. ${newline}EXCEPTION: ${exception: ToString:maxInnerExceptionLevel=3}
2023-07-26 21:59:38.4719 - INFO: Executed action IAI.WebAPI.Controllers.AccountController.GetUserDetails (IAI.WebAPI) in 2135.8351ms ${newline}EXCEPTION: ${exception: ToString:maxInnerExceptionLevel=3}
2023-07-26 21:59:38.4719 - INFO: Executed endpoint 'IAI.WebAPI.Controllers.AccountController.GetUserDetails (IAI.WebAPI)' ${newline}EXCEPTION: ${exception: ToString:maxInnerExceptionLevel=3}
2023-07-26 21:59:38.4719 - INFO: Request finished HTTP/2 GET https://localhost:7254/api/Account/UserDetails - - - 200 - application/json;+charset=utf-8 2147.7077ms ${newline}EXCEPTION: ${exception: ToString:maxInnerExceptionLevel=3}
2023-07-26 22:00:17.6218 - INFO: Request starting HTTP/2 OPTIONS https://localhost:7254/api/Account/UserDetails - - ${newline}EXCEPTION: ${exception: ToString:maxInnerExceptionLevel=3}
2023-07-26 22:00:17.6218 - INFO: CORS policy execution successful. ${newline}EXCEPTION: ${exception: ToString:maxInnerExceptionLevel=3}
2023-07-26 22:00:17.6218 - INFO: Request finished HTTP/2 OPTIONS https://localhost:7254/api/Account/UserDetails - - - 204 - - 0.6800ms ${newline}EXCEPTION: ${exception: ToString:maxInnerExceptionLevel=3}
2023-07-26 22:00:17.6413 - INFO: Request starting HTTP/2 GET https://localhost:7254/api/Account/UserDetails - - ${newline}EXCEPTION: ${exception: ToString:maxInnerExceptionLevel=3}
2023-07-26 22:00:17.6413 - INFO: CORS policy execution successful. ${newline}EXCEPTION: ${exception: ToString:maxInnerExceptionLevel=3}
2023-07-26 22:00:17.6413 - INFO: Executing endpoint 'IAI.WebAPI.Controllers.AccountController.GetUserDetails (IAI.WebAPI)' ${newline}EXCEPTION: ${exception: ToString:maxInnerExceptionLevel=3}
2023-07-26 22:00:17.6413 - INFO: Route matched with {action = "GetUserDetails", controller = "Account"}. Executing controller action with signature System.Threading.Tasks.Task`1[Microsoft.AspNetCore.Mvc.IActionResult] GetUserDetails() on controller IAI.WebAPI.Controllers.AccountController (IAI.WebAPI). ${newline}EXCEPTION: ${exception: ToString:maxInnerExceptionLevel=3}
2023-07-26 22:00:17.9484 - INFO: Executed DbCommand (304ms) [Parameters=[@__userId_0='?' (DbType = Guid)], CommandType='Text', CommandTimeout='30']
SELECT TOP(1) [u].[UserId], [u].[CreatedBy], [u].[CreatedDate], [u].[DeletedBy], [u].[DeletedDate], [u].[FailedPasswordAttemptCount], [u].[IsActive], [u].[IsLockedOut], [u].[IsPasswordChanged], [u].[IsVerified], [u].[LastActivityDate], [u].[LastLockoutDate], [u].[LastLoginDate], [u].[LastPasswordChangedDate], [u].[LoweredUserName], [u].[ModifiedBy], [u].[ModifiedDate], [u].[Password], [u].[PasswordFormat], [u].[PasswordResetRequestActive], [u].[PasswordSalt], [u].[UniqueId], [u].[UserName]
FROM [UserMaster] AS [u]
WHERE [u].[UserId] = @__userId_0 AND [u].[IsActive] = CAST(1 AS bit) ${newline}EXCEPTION: ${exception: ToString:maxInnerExceptionLevel=3}
2023-07-26 22:00:18.4189 - INFO: Executed DbCommand (469ms) [Parameters=[@__userId_0='?' (DbType = Guid)], CommandType='Text', CommandTimeout='30']
SELECT TOP(1) [u].[UserRoleId], [u].[CreatedBy], [u].[CreatedDate], [u].[DeletedBy], [u].[DeletedDate], [u].[IsActive], [u].[ModifiedBy], [u].[ModifiedDate], [u].[RoleId], [u].[UserId], [r].[RoleId], [r].[CreatedBy], [r].[CreatedDate], [r].[DeletedBy], [r].[DeletedDate], [r].[Description], [r].[IsActive], [r].[ModifiedBy], [r].[ModifiedDate], [r].[RoleName]
FROM [UserRole] AS [u]
INNER JOIN [Role] AS [r] ON [u].[RoleId] = [r].[RoleId]
WHERE [u].[UserId] = @__userId_0 AND [u].[IsActive] = CAST(1 AS bit) ${newline}EXCEPTION: ${exception: ToString:maxInnerExceptionLevel=3}
2023-07-26 22:00:18.8165 - INFO: Executed DbCommand (380ms) [Parameters=[@__userId_0='?' (DbType = Guid)], CommandType='Text', CommandTimeout='30']
SELECT TOP(1) [c].[CandidateId], [c].[AdditionalSkills], [c].[Address], [c].[CityId], [c].[CreatedBy], [c].[CreatedDate], [c].[CurrentPay], [c].[DeletedBy], [c].[DeletedDate], [c].[DesignationId], [c].[EmailId], [c].[ExpectedPay], [c].[ExperienceId], [c].[GapInEducation], [c].[GapInExperience], [c].[IsActive], [c].[MobileNumber], [c].[ModifiedBy], [c].[ModifiedDate], [c].[Name], [c].[NoticePeriodId], [c].[PrimarySkillId], [c].[PromoCode], [c].[ReadyToChange], [c].[RestrictEmployerToViewProfile], [c].[UserId]
FROM [CandidateProfile] AS [c]
WHERE [c].[UserId] = @__userId_0 ${newline}EXCEPTION: ${exception: ToString:maxInnerExceptionLevel=3}
2023-07-26 22:00:19.1179 - INFO: Executed DbCommand (300ms) [Parameters=[@__userId_0='?' (DbType = Guid)], CommandType='Text', CommandTimeout='30']
SELECT TOP(1) [u].[RoleId]
FROM [UserRole] AS [u]
WHERE [u].[UserId] = @__userId_0 ${newline}EXCEPTION: ${exception: ToString:maxInnerExceptionLevel=3}
2023-07-26 22:00:19.4375 - INFO: Executed DbCommand (319ms) [Parameters=[@__roleId_0='?' (DbType = Int32)], CommandType='Text', CommandTimeout='30']
SELECT [r].[RoleScreenId], [r].[CreatedBy], [r].[CreatedDate], [r].[DeletedBy], [r].[DeletedDate], [r].[IsActive], [r].[ModifiedBy], [r].[ModifiedDate], [r].[RoleId], [r].[ScreenId], [r0].[RoleId], [r0].[CreatedBy], [r0].[CreatedDate], [r0].[DeletedBy], [r0].[DeletedDate], [r0].[Description], [r0].[IsActive], [r0].[ModifiedBy], [r0].[ModifiedDate], [r0].[RoleName], [s].[ScreenId], [s].[CreatedBy], [s].[CreatedDate], [s].[DeletedBy], [s].[DeletedDate], [s].[Description], [s].[Icon], [s].[IsActive], [s].[MenuLevel], [s].[ModifiedBy], [s].[ModifiedDate], [s].[ParentId], [s].[RoutePath], [s].[ScreenName]
FROM [RoleScreenMapping] AS [r]
INNER JOIN [Role] AS [r0] ON [r].[RoleId] = [r0].[RoleId]
INNER JOIN [Screen] AS [s] ON [r].[ScreenId] = [s].[ScreenId]
WHERE [r].[RoleId] = @__roleId_0 ${newline}EXCEPTION: ${exception: ToString:maxInnerExceptionLevel=3}
2023-07-26 22:00:19.7596 - INFO: Executed DbCommand (320ms) [Parameters=[@__roleId_0='?' (DbType = Int32)], CommandType='Text', CommandTimeout='30']
SELECT [r].[RoleId], [r0].[RoleName], [r].[ScreenId], [s].[ScreenName], [s].[Description] AS [DisplayName], [s].[RoutePath], [s].[Icon], [s].[MenuLevel], [s].[ParentId]
FROM [RoleScreenMapping] AS [r]
INNER JOIN [Role] AS [r0] ON [r].[RoleId] = [r0].[RoleId]
INNER JOIN [Screen] AS [s] ON [r].[ScreenId] = [s].[ScreenId]
WHERE [r].[RoleId] = @__roleId_0 ${newline}EXCEPTION: ${exception: ToString:maxInnerExceptionLevel=3}
2023-07-26 22:00:19.7596 - INFO: Executing OkObjectResult, writing value of type 'IAI.Models.Models.Responses.BaseResponse`1[[IAI.Models.Models.UserDetailsModel, IAI.Models, Version=1.0.0.0, Culture=neutral, PublicKeyToken=null]]'. ${newline}EXCEPTION: ${exception: ToString:maxInnerExceptionLevel=3}
2023-07-26 22:00:19.7596 - INFO: Executed action IAI.WebAPI.Controllers.AccountController.GetUserDetails (IAI.WebAPI) in 2118.2953ms ${newline}EXCEPTION: ${exception: ToString:maxInnerExceptionLevel=3}
2023-07-26 22:00:19.7596 - INFO: Executed endpoint 'IAI.WebAPI.Controllers.AccountController.GetUserDetails (IAI.WebAPI)' ${newline}EXCEPTION: ${exception: ToString:maxInnerExceptionLevel=3}
2023-07-26 22:00:19.7596 - INFO: Request finished HTTP/2 GET https://localhost:7254/api/Account/UserDetails - - - 200 - application/json;+charset=utf-8 2122.1802ms ${newline}EXCEPTION: ${exception: ToString:maxInnerExceptionLevel=3}
2023-07-26 22:00:22.0279 - INFO: Request starting HTTP/2 OPTIONS https://localhost:7254/api/Candidate/CandidateProfile/c068868c-33f1-46d1-63ee-08db2782c1d7 - - ${newline}EXCEPTION: ${exception: ToString:maxInnerExceptionLevel=3}
2023-07-26 22:00:22.0279 - INFO: CORS policy execution successful. ${newline}EXCEPTION: ${exception: ToString:maxInnerExceptionLevel=3}
2023-07-26 22:00:22.0279 - INFO: Request starting HTTP/2 OPTIONS https://localhost:7254/api/MasterData/GetExperiences - - ${newline}EXCEPTION: ${exception: ToString:maxInnerExceptionLevel=3}
2023-07-26 22:00:22.0279 - INFO: Request finished HTTP/2 OPTIONS https://localhost:7254/api/Candidate/CandidateProfile/c068868c-33f1-46d1-63ee-08db2782c1d7 - - - 204 - - 1.0817ms ${newline}EXCEPTION: ${exception: ToString:maxInnerExceptionLevel=3}
2023-07-26 22:00:22.0279 - INFO: Request starting HTTP/2 OPTIONS https://localhost:7254/api/Candidate/CandidateDesignation - - ${newline}EXCEPTION: ${exception: ToString:maxInnerExceptionLevel=3}
2023-07-26 22:00:22.0279 - INFO: Request starting HTTP/2 OPTIONS https://localhost:7254/api/MasterData/GetNoticePeriod - - ${newline}EXCEPTION: ${exception: ToString:maxInnerExceptionLevel=3}
2023-07-26 22:00:22.0279 - INFO: CORS policy execution successful. ${newline}EXCEPTION: ${exception: ToString:maxInnerExceptionLevel=3}
2023-07-26 22:00:22.0279 - INFO: Request finished HTTP/2 OPTIONS https://localhost:7254/api/MasterData/GetNoticePeriod - - - 204 - - 0.3770ms ${newline}EXCEPTION: ${exception: ToString:maxInnerExceptionLevel=3}
2023-07-26 22:00:22.0376 - INFO: CORS policy execution successful. ${newline}EXCEPTION: ${exception: ToString:maxInnerExceptionLevel=3}
2023-07-26 22:00:22.0376 - INFO: Request finished HTTP/2 OPTIONS https://localhost:7254/api/MasterData/GetExperiences - - - 204 - - 10.4071ms ${newline}EXCEPTION: ${exception: ToString:maxInnerExceptionLevel=3}
2023-07-26 22:00:22.0376 - INFO: CORS policy execution successful. ${newline}EXCEPTION: ${exception: ToString:maxInnerExceptionLevel=3}
2023-07-26 22:00:22.0376 - INFO: Request finished HTTP/2 OPTIONS https://localhost:7254/api/Candidate/CandidateDesignation - - - 204 - - 16.4095ms ${newline}EXCEPTION: ${exception: ToString:maxInnerExceptionLevel=3}
2023-07-26 22:00:22.0788 - INFO: Request starting HTTP/2 GET https://localhost:7254/api/Candidate/CandidateProfile/c068868c-33f1-46d1-63ee-08db2782c1d7 - - ${newline}EXCEPTION: ${exception: ToString:maxInnerExceptionLevel=3}
2023-07-26 22:00:22.0788 - INFO: Request starting HTTP/2 GET https://localhost:7254/api/MasterData/GetExperiences - - ${newline}EXCEPTION: ${exception: ToString:maxInnerExceptionLevel=3}
2023-07-26 22:00:22.0788 - INFO: Request starting HTTP/2 GET https://localhost:7254/api/MasterData/GetNoticePeriod - - ${newline}EXCEPTION: ${exception: ToString:maxInnerExceptionLevel=3}
2023-07-26 22:00:22.0866 - INFO: CORS policy execution successful. ${newline}EXCEPTION: ${exception: ToString:maxInnerExceptionLevel=3}
2023-07-26 22:00:22.0866 - INFO: Request starting HTTP/2 GET https://localhost:7254/api/Candidate/CandidateDesignation - - ${newline}EXCEPTION: ${exception: ToString:maxInnerExceptionLevel=3}
2023-07-26 22:00:22.0866 - INFO: CORS policy execution successful. ${newline}EXCEPTION: ${exception: ToString:maxInnerExceptionLevel=3}
2023-07-26 22:00:22.0866 - INFO: Executing endpoint 'IAI.WebAPI.Controllers.Candidate.CandidateController.LoadCandidateDesignation (IAI.WebAPI)' ${newline}EXCEPTION: ${exception: ToString:maxInnerExceptionLevel=3}
2023-07-26 22:00:22.0866 - INFO: Executing endpoint 'IAI.WebAPI.Controllers.Candidate.CandidateController.GetCandidateProfile (IAI.WebAPI)' ${newline}EXCEPTION: ${exception: ToString:maxInnerExceptionLevel=3}
2023-07-26 22:00:22.0866 - INFO: CORS policy execution successful. ${newline}EXCEPTION: ${exception: ToString:maxInnerExceptionLevel=3}
2023-07-26 22:00:22.0866 - INFO: CORS policy execution successful. ${newline}EXCEPTION: ${exception: ToString:maxInnerExceptionLevel=3}
2023-07-26 22:00:22.0866 - INFO: Executing endpoint 'IAI.WebAPI.Controllers.MasterDataController.LoadNoticePeriod (IAI.WebAPI)' ${newline}EXCEPTION: ${exception: ToString:maxInnerExceptionLevel=3}
2023-07-26 22:00:22.0866 - INFO: Executing endpoint 'IAI.WebAPI.Controllers.MasterDataController.LoadExperiences (IAI.WebAPI)' ${newline}EXCEPTION: ${exception: ToString:maxInnerExceptionLevel=3}
2023-07-26 22:00:22.1002 - INFO: Route matched with {action = "LoadCandidateDesignation", controller = "Candidate"}. Executing controller action with signature System.Threading.Tasks.Task`1[Microsoft.AspNetCore.Mvc.IActionResult] LoadCandidateDesignation() on controller IAI.WebAPI.Controllers.Candidate.CandidateController (IAI.WebAPI). ${newline}EXCEPTION: ${exception: ToString:maxInnerExceptionLevel=3}
2023-07-26 22:00:22.1002 - INFO: Route matched with {action = "GetCandidateProfile", controller = "Candidate"}. Executing controller action with signature System.Threading.Tasks.Task`1[Microsoft.AspNetCore.Mvc.IActionResult] GetCandidateProfile(System.Guid) on controller IAI.WebAPI.Controllers.Candidate.CandidateController (IAI.WebAPI). ${newline}EXCEPTION: ${exception: ToString:maxInnerExceptionLevel=3}
2023-07-26 22:00:22.1002 - INFO: Route matched with {action = "LoadNoticePeriod", controller = "MasterData"}. Executing controller action with signature System.Threading.Tasks.Task`1[Microsoft.AspNetCore.Mvc.IActionResult] LoadNoticePeriod() on controller IAI.WebAPI.Controllers.MasterDataController (IAI.WebAPI). ${newline}EXCEPTION: ${exception: ToString:maxInnerExceptionLevel=3}
2023-07-26 22:00:22.1002 - INFO: Route matched with {action = "LoadExperiences", controller = "MasterData"}. Executing controller action with signature System.Threading.Tasks.Task`1[Microsoft.AspNetCore.Mvc.IActionResult] LoadExperiences() on controller IAI.WebAPI.Controllers.MasterDataController (IAI.WebAPI). ${newline}EXCEPTION: ${exception: ToString:maxInnerExceptionLevel=3}
2023-07-26 22:00:22.6921 - INFO: Executed DbCommand (556ms) [Parameters=[], CommandType='Text', CommandTimeout='30']
SELECT [e].[ExperienceId] AS [Id], [e].[ExperienceName] AS [Name]
FROM [Experience] AS [e] ${newline}EXCEPTION: ${exception: ToString:maxInnerExceptionLevel=3}
2023-07-26 22:00:22.6960 - INFO: Executing OkObjectResult, writing value of type 'IAI.Models.Models.Responses.BaseResponseList`1[[IAI.Models.Models.Common.IdNameModel, IAI.Models, Version=1.0.0.0, Culture=neutral, PublicKeyToken=null]]'. ${newline}EXCEPTION: ${exception: ToString:maxInnerExceptionLevel=3}
2023-07-26 22:00:22.6960 - INFO: Executed action IAI.WebAPI.Controllers.MasterDataController.LoadExperiences (IAI.WebAPI) in 603.0753ms ${newline}EXCEPTION: ${exception: ToString:maxInnerExceptionLevel=3}
2023-07-26 22:00:22.6960 - INFO: Executed endpoint 'IAI.WebAPI.Controllers.MasterDataController.LoadExperiences (IAI.WebAPI)' ${newline}EXCEPTION: ${exception: ToString:maxInnerExceptionLevel=3}
2023-07-26 22:00:22.6960 - INFO: Request finished HTTP/2 GET https://localhost:7254/api/MasterData/GetExperiences - - - 200 - application/json;+charset=utf-8 629.8663ms ${newline}EXCEPTION: ${exception: ToString:maxInnerExceptionLevel=3}
2023-07-26 22:00:23.9098 - INFO: Executed DbCommand (315ms) [Parameters=[], CommandType='Text', CommandTimeout='30']
SELECT [c].[DesignationId] AS [Id], [c].[DesignationName] AS [Name]
FROM [CandidateDesignation] AS [c]
WHERE [c].[IsActive] = CAST(1 AS bit)
ORDER BY [c].[DesignationName] ${newline}EXCEPTION: ${exception: ToString:maxInnerExceptionLevel=3}
2023-07-26 22:00:23.9098 - INFO: Executed DbCommand (315ms) [Parameters=[], CommandType='Text', CommandTimeout='30']
SELECT [n].[NoticePeriodId] AS [Id], [n].[NoticePeriodName] AS [Name]
FROM [NoticePeriod] AS [n]
ORDER BY [n].[NoticePeriodName] ${newline}EXCEPTION: ${exception: ToString:maxInnerExceptionLevel=3}
2023-07-26 22:00:23.9098 - INFO: Executing OkObjectResult, writing value of type 'IAI.Models.Models.Responses.BaseResponseList`1[[IAI.Models.Models.Common.IdNameModel, IAI.Models, Version=1.0.0.0, Culture=neutral, PublicKeyToken=null]]'. ${newline}EXCEPTION: ${exception: ToString:maxInnerExceptionLevel=3}
2023-07-26 22:00:23.9098 - INFO: Executing OkObjectResult, writing value of type 'IAI.Models.Models.Responses.BaseResponseList`1[[IAI.Models.Models.Common.IdNameModel, IAI.Models, Version=1.0.0.0, Culture=neutral, PublicKeyToken=null]]'. ${newline}EXCEPTION: ${exception: ToString:maxInnerExceptionLevel=3}
2023-07-26 22:00:23.9098 - INFO: Executed action IAI.WebAPI.Controllers.Candidate.CandidateController.LoadCandidateDesignation (IAI.WebAPI) in 1811.1433ms ${newline}EXCEPTION: ${exception: ToString:maxInnerExceptionLevel=3}
2023-07-26 22:00:23.9098 - INFO: Executed endpoint 'IAI.WebAPI.Controllers.Candidate.CandidateController.LoadCandidateDesignation (IAI.WebAPI)' ${newline}EXCEPTION: ${exception: ToString:maxInnerExceptionLevel=3}
2023-07-26 22:00:23.9098 - INFO: Executed action IAI.WebAPI.Controllers.MasterDataController.LoadNoticePeriod (IAI.WebAPI) in 1806.9437ms ${newline}EXCEPTION: ${exception: ToString:maxInnerExceptionLevel=3}
2023-07-26 22:00:23.9098 - INFO: Executed endpoint 'IAI.WebAPI.Controllers.MasterDataController.LoadNoticePeriod (IAI.WebAPI)' ${newline}EXCEPTION: ${exception: ToString:maxInnerExceptionLevel=3}
2023-07-26 22:00:23.9098 - INFO: Request finished HTTP/2 GET https://localhost:7254/api/Candidate/CandidateDesignation - - - 200 - application/json;+charset=utf-8 1825.4298ms ${newline}EXCEPTION: ${exception: ToString:maxInnerExceptionLevel=3}
2023-07-26 22:00:23.9123 - INFO: Request finished HTTP/2 GET https://localhost:7254/api/MasterData/GetNoticePeriod - - - 200 - application/json;+charset=utf-8 1833.3032ms ${newline}EXCEPTION: ${exception: ToString:maxInnerExceptionLevel=3}
2023-07-26 22:00:25.1925 - INFO: Executed DbCommand (320ms) [Parameters=[@__candidateId_0='?' (DbType = Guid)], CommandType='Text', CommandTimeout='30']
SELECT TOP(1) [c].[CandidateId], [c0].[CountryId], [c].[CityId], [c].[ExperienceId], [c].[DesignationId], [c].[CurrentPay], [c].[NoticePeriodId], [c].[MobileNumber], [c].[EmailId], [c].[RestrictEmployerToViewProfile]
FROM [CandidateProfile] AS [c]
INNER JOIN [City] AS [c0] ON [c].[CityId] = [c0].[CityId]
WHERE [c].[CandidateId] = @__candidateId_0 ${newline}EXCEPTION: ${exception: ToString:maxInnerExceptionLevel=3}
2023-07-26 22:00:27.6136 - INFO: Executed DbCommand (654ms) [Parameters=[@__candidateId_0='?' (DbType = Guid)], CommandType='Text', CommandTimeout='30']
SELECT TOP(1) [c].[FileName]
FROM [CandidateResume] AS [c]
WHERE [c].[CandidateId] = @__candidateId_0 ${newline}EXCEPTION: ${exception: ToString:maxInnerExceptionLevel=3}
2023-07-26 22:00:27.6136 - INFO: Executing OkObjectResult, writing value of type 'IAI.Models.Models.Responses.BaseResponse`1[[IAI.Models.Models.Candidate.Responses.CandidateProfileModel, IAI.Models, Version=1.0.0.0, Culture=neutral, PublicKeyToken=null]]'. ${newline}EXCEPTION: ${exception: ToString:maxInnerExceptionLevel=3}
2023-07-26 22:00:27.6624 - INFO: Executed action IAI.WebAPI.Controllers.Candidate.CandidateController.GetCandidateProfile (IAI.WebAPI) in 5561.1325ms ${newline}EXCEPTION: ${exception: ToString:maxInnerExceptionLevel=3}
2023-07-26 22:00:27.6624 - INFO: Executed endpoint 'IAI.WebAPI.Controllers.Candidate.CandidateController.GetCandidateProfile (IAI.WebAPI)' ${newline}EXCEPTION: ${exception: ToString:maxInnerExceptionLevel=3}
2023-07-26 22:00:27.6626 - INFO: Request finished HTTP/2 GET https://localhost:7254/api/Candidate/CandidateProfile/c068868c-33f1-46d1-63ee-08db2782c1d7 - - - 200 - application/json;+charset=utf-8 5583.8141ms ${newline}EXCEPTION: ${exception: ToString:maxInnerExceptionLevel=3}
2023-07-26 22:00:27.6626 - INFO: Request starting HTTP/2 OPTIONS https://localhost:7254/api/MasterData/GetCities/1 - - ${newline}EXCEPTION: ${exception: ToString:maxInnerExceptionLevel=3}
2023-07-26 22:00:27.6626 - INFO: CORS policy execution successful. ${newline}EXCEPTION: ${exception: ToString:maxInnerExceptionLevel=3}
2023-07-26 22:00:27.6626 - INFO: Request finished HTTP/2 OPTIONS https://localhost:7254/api/MasterData/GetCities/1 - - - 204 - - 0.3209ms ${newline}EXCEPTION: ${exception: ToString:maxInnerExceptionLevel=3}
2023-07-26 22:00:27.6626 - INFO: Request starting HTTP/2 GET https://localhost:7254/api/MasterData/GetCities/1 - - ${newline}EXCEPTION: ${exception: ToString:maxInnerExceptionLevel=3}
2023-07-26 22:00:27.6626 - INFO: CORS policy execution successful. ${newline}EXCEPTION: ${exception: ToString:maxInnerExceptionLevel=3}
2023-07-26 22:00:27.6626 - INFO: Executing endpoint 'IAI.WebAPI.Controllers.MasterDataController.LoadCities (IAI.WebAPI)' ${newline}EXCEPTION: ${exception: ToString:maxInnerExceptionLevel=3}
2023-07-26 22:00:27.6799 - INFO: Route matched with {action = "LoadCities", controller = "MasterData"}. Executing controller action with signature System.Threading.Tasks.Task`1[Microsoft.AspNetCore.Mvc.IActionResult] LoadCities(Int32) on controller IAI.WebAPI.Controllers.MasterDataController (IAI.WebAPI). ${newline}EXCEPTION: ${exception: ToString:maxInnerExceptionLevel=3}
2023-07-26 22:00:27.9957 - INFO: Executed DbCommand (305ms) [Parameters=[@__countryId_0='?' (DbType = Int32)], CommandType='Text', CommandTimeout='30']
SELECT [c].[CityId] AS [Id], [c].[CityName] AS [Name]
FROM [City] AS [c]
WHERE [c].[CountryId] = @__countryId_0 AND [c].[IsActive] = CAST(1 AS bit)
ORDER BY [c].[CityName] ${newline}EXCEPTION: ${exception: ToString:maxInnerExceptionLevel=3}
2023-07-26 22:00:27.9957 - INFO: Executing OkObjectResult, writing value of type 'IAI.Models.Models.Responses.BaseResponseList`1[[IAI.Models.Models.Common.IdNameModel, IAI.Models, Version=1.0.0.0, Culture=neutral, PublicKeyToken=null]]'. ${newline}EXCEPTION: ${exception: ToString:maxInnerExceptionLevel=3}
2023-07-26 22:00:27.9957 - INFO: Executed action IAI.WebAPI.Controllers.MasterDataController.LoadCities (IAI.WebAPI) in 317.4675ms ${newline}EXCEPTION: ${exception: ToString:maxInnerExceptionLevel=3}
2023-07-26 22:00:27.9957 - INFO: Executed endpoint 'IAI.WebAPI.Controllers.MasterDataController.LoadCities (IAI.WebAPI)' ${newline}EXCEPTION: ${exception: ToString:maxInnerExceptionLevel=3}
2023-07-26 22:00:27.9957 - INFO: Request finished HTTP/2 GET https://localhost:7254/api/MasterData/GetCities/1 - - - 200 - application/json;+charset=utf-8 321.3551ms ${newline}EXCEPTION: ${exception: ToString:maxInnerExceptionLevel=3}
2023-07-26 22:03:39.9140 - INFO: Request starting HTTP/2 OPTIONS https://localhost:7254/api/Account/UserDetails - - ${newline}EXCEPTION: ${exception: ToString:maxInnerExceptionLevel=3}
2023-07-26 22:03:39.9140 - INFO: CORS policy execution successful. ${newline}EXCEPTION: ${exception: ToString:maxInnerExceptionLevel=3}
2023-07-26 22:03:39.9140 - INFO: Request finished HTTP/2 OPTIONS https://localhost:7254/api/Account/UserDetails - - - 204 - - 3.8050ms ${newline}EXCEPTION: ${exception: ToString:maxInnerExceptionLevel=3}
2023-07-26 22:03:39.9408 - INFO: Request starting HTTP/2 GET https://localhost:7254/api/Account/UserDetails - - ${newline}EXCEPTION: ${exception: ToString:maxInnerExceptionLevel=3}
2023-07-26 22:03:39.9408 - INFO: CORS policy execution successful. ${newline}EXCEPTION: ${exception: ToString:maxInnerExceptionLevel=3}
2023-07-26 22:03:39.9435 - INFO: Executing endpoint 'IAI.WebAPI.Controllers.AccountController.GetUserDetails (IAI.WebAPI)' ${newline}EXCEPTION: ${exception: ToString:maxInnerExceptionLevel=3}
2023-07-26 22:03:39.9435 - INFO: Route matched with {action = "GetUserDetails", controller = "Account"}. Executing controller action with signature System.Threading.Tasks.Task`1[Microsoft.AspNetCore.Mvc.IActionResult] GetUserDetails() on controller IAI.WebAPI.Controllers.AccountController (IAI.WebAPI). ${newline}EXCEPTION: ${exception: ToString:maxInnerExceptionLevel=3}
2023-07-26 22:03:40.2105 - INFO: Executed DbCommand (265ms) [Parameters=[@__userId_0='?' (DbType = Guid)], CommandType='Text', CommandTimeout='30']
SELECT TOP(1) [u].[UserId], [u].[CreatedBy], [u].[CreatedDate], [u].[DeletedBy], [u].[DeletedDate], [u].[FailedPasswordAttemptCount], [u].[IsActive], [u].[IsLockedOut], [u].[IsPasswordChanged], [u].[IsVerified], [u].[LastActivityDate], [u].[LastLockoutDate], [u].[LastLoginDate], [u].[LastPasswordChangedDate], [u].[LoweredUserName], [u].[ModifiedBy], [u].[ModifiedDate], [u].[Password], [u].[PasswordFormat], [u].[PasswordResetRequestActive], [u].[PasswordSalt], [u].[UniqueId], [u].[UserName]
FROM [UserMaster] AS [u]
WHERE [u].[UserId] = @__userId_0 AND [u].[IsActive] = CAST(1 AS bit) ${newline}EXCEPTION: ${exception: ToString:maxInnerExceptionLevel=3}
2023-07-26 22:03:40.6146 - INFO: Executed DbCommand (402ms) [Parameters=[@__userId_0='?' (DbType = Guid)], CommandType='Text', CommandTimeout='30']
SELECT TOP(1) [u].[UserRoleId], [u].[CreatedBy], [u].[CreatedDate], [u].[DeletedBy], [u].[DeletedDate], [u].[IsActive], [u].[ModifiedBy], [u].[ModifiedDate], [u].[RoleId], [u].[UserId], [r].[RoleId], [r].[CreatedBy], [r].[CreatedDate], [r].[DeletedBy], [r].[DeletedDate], [r].[Description], [r].[IsActive], [r].[ModifiedBy], [r].[ModifiedDate], [r].[RoleName]
FROM [UserRole] AS [u]
INNER JOIN [Role] AS [r] ON [u].[RoleId] = [r].[RoleId]
WHERE [u].[UserId] = @__userId_0 AND [u].[IsActive] = CAST(1 AS bit) ${newline}EXCEPTION: ${exception: ToString:maxInnerExceptionLevel=3}
2023-07-26 22:03:40.8910 - INFO: Executed DbCommand (275ms) [Parameters=[@__userId_0='?' (DbType = Guid)], CommandType='Text', CommandTimeout='30']
SELECT TOP(1) [c].[CandidateId], [c].[AdditionalSkills], [c].[Address], [c].[CityId], [c].[CreatedBy], [c].[CreatedDate], [c].[CurrentPay], [c].[DeletedBy], [c].[DeletedDate], [c].[DesignationId], [c].[EmailId], [c].[ExpectedPay], [c].[ExperienceId], [c].[GapInEducation], [c].[GapInExperience], [c].[IsActive], [c].[MobileNumber], [c].[ModifiedBy], [c].[ModifiedDate], [c].[Name], [c].[NoticePeriodId], [c].[PrimarySkillId], [c].[PromoCode], [c].[ReadyToChange], [c].[RestrictEmployerToViewProfile], [c].[UserId]
FROM [CandidateProfile] AS [c]
WHERE [c].[UserId] = @__userId_0 ${newline}EXCEPTION: ${exception: ToString:maxInnerExceptionLevel=3}
2023-07-26 22:03:41.4393 - INFO: Executed DbCommand (547ms) [Parameters=[@__userId_0='?' (DbType = Guid)], CommandType='Text', CommandTimeout='30']
SELECT TOP(1) [u].[RoleId]
FROM [UserRole] AS [u]
WHERE [u].[UserId] = @__userId_0 ${newline}EXCEPTION: ${exception: ToString:maxInnerExceptionLevel=3}
2023-07-26 22:03:42.2585 - INFO: Executed DbCommand (818ms) [Parameters=[@__roleId_0='?' (DbType = Int32)], CommandType='Text', CommandTimeout='30']
SELECT [r].[RoleScreenId], [r].[CreatedBy], [r].[CreatedDate], [r].[DeletedBy], [r].[DeletedDate], [r].[IsActive], [r].[ModifiedBy], [r].[ModifiedDate], [r].[RoleId], [r].[ScreenId], [r0].[RoleId], [r0].[CreatedBy], [r0].[CreatedDate], [r0].[DeletedBy], [r0].[DeletedDate], [r0].[Description], [r0].[IsActive], [r0].[ModifiedBy], [r0].[ModifiedDate], [r0].[RoleName], [s].[ScreenId], [s].[CreatedBy], [s].[CreatedDate], [s].[DeletedBy], [s].[DeletedDate], [s].[Description], [s].[Icon], [s].[IsActive], [s].[MenuLevel], [s].[ModifiedBy], [s].[ModifiedDate], [s].[ParentId], [s].[RoutePath], [s].[ScreenName]
FROM [RoleScreenMapping] AS [r]
INNER JOIN [Role] AS [r0] ON [r].[RoleId] = [r0].[RoleId]
INNER JOIN [Screen] AS [s] ON [r].[ScreenId] = [s].[ScreenId]
WHERE [r].[RoleId] = @__roleId_0 ${newline}EXCEPTION: ${exception: ToString:maxInnerExceptionLevel=3}
2023-07-26 22:03:42.5572 - INFO: Executed DbCommand (297ms) [Parameters=[@__roleId_0='?' (DbType = Int32)], CommandType='Text', CommandTimeout='30']
SELECT [r].[RoleId], [r0].[RoleName], [r].[ScreenId], [s].[ScreenName], [s].[Description] AS [DisplayName], [s].[RoutePath], [s].[Icon], [s].[MenuLevel], [s].[ParentId]
FROM [RoleScreenMapping] AS [r]
INNER JOIN [Role] AS [r0] ON [r].[RoleId] = [r0].[RoleId]
INNER JOIN [Screen] AS [s] ON [r].[ScreenId] = [s].[ScreenId]
WHERE [r].[RoleId] = @__roleId_0 ${newline}EXCEPTION: ${exception: ToString:maxInnerExceptionLevel=3}
2023-07-26 22:03:42.5572 - INFO: Executing OkObjectResult, writing value of type 'IAI.Models.Models.Responses.BaseResponse`1[[IAI.Models.Models.UserDetailsModel, IAI.Models, Version=1.0.0.0, Culture=neutral, PublicKeyToken=null]]'. ${newline}EXCEPTION: ${exception: ToString:maxInnerExceptionLevel=3}
2023-07-26 22:03:42.5572 - INFO: Executed action IAI.WebAPI.Controllers.AccountController.GetUserDetails (IAI.WebAPI) in 2614.873ms ${newline}EXCEPTION: ${exception: ToString:maxInnerExceptionLevel=3}
2023-07-26 22:03:42.5572 - INFO: Executed endpoint 'IAI.WebAPI.Controllers.AccountController.GetUserDetails (IAI.WebAPI)' ${newline}EXCEPTION: ${exception: ToString:maxInnerExceptionLevel=3}
2023-07-26 22:03:42.5572 - INFO: Request finished HTTP/2 GET https://localhost:7254/api/Account/UserDetails - - - 200 - application/json;+charset=utf-8 2620.8556ms ${newline}EXCEPTION: ${exception: ToString:maxInnerExceptionLevel=3}
2023-07-26 22:04:30.9649 - INFO: Request starting HTTP/2 OPTIONS https://localhost:7254/api/Account/UserDetails - - ${newline}EXCEPTION: ${exception: ToString:maxInnerExceptionLevel=3}
2023-07-26 22:04:30.9649 - INFO: CORS policy execution successful. ${newline}EXCEPTION: ${exception: ToString:maxInnerExceptionLevel=3}
2023-07-26 22:04:30.9649 - INFO: Request finished HTTP/2 OPTIONS https://localhost:7254/api/Account/UserDetails - - - 204 - - 2.8676ms ${newline}EXCEPTION: ${exception: ToString:maxInnerExceptionLevel=3}
2023-07-26 22:04:30.9954 - INFO: Request starting HTTP/2 GET https://localhost:7254/api/Account/UserDetails - - ${newline}EXCEPTION: ${exception: ToString:maxInnerExceptionLevel=3}
2023-07-26 22:04:30.9954 - INFO: CORS policy execution successful. ${newline}EXCEPTION: ${exception: ToString:maxInnerExceptionLevel=3}
2023-07-26 22:04:31.0074 - INFO: Executing endpoint 'IAI.WebAPI.Controllers.AccountController.GetUserDetails (IAI.WebAPI)' ${newline}EXCEPTION: ${exception: ToString:maxInnerExceptionLevel=3}
2023-07-26 22:04:31.0074 - INFO: Route matched with {action = "GetUserDetails", controller = "Account"}. Executing controller action with signature System.Threading.Tasks.Task`1[Microsoft.AspNetCore.Mvc.IActionResult] GetUserDetails() on controller IAI.WebAPI.Controllers.AccountController (IAI.WebAPI). ${newline}EXCEPTION: ${exception: ToString:maxInnerExceptionLevel=3}
2023-07-26 22:04:31.3183 - INFO: Executed DbCommand (300ms) [Parameters=[@__userId_0='?' (DbType = Guid)], CommandType='Text', CommandTimeout='30']
SELECT TOP(1) [u].[UserId], [u].[CreatedBy], [u].[CreatedDate], [u].[DeletedBy], [u].[DeletedDate], [u].[FailedPasswordAttemptCount], [u].[IsActive], [u].[IsLockedOut], [u].[IsPasswordChanged], [u].[IsVerified], [u].[LastActivityDate], [u].[LastLockoutDate], [u].[LastLoginDate], [u].[LastPasswordChangedDate], [u].[LoweredUserName], [u].[ModifiedBy], [u].[ModifiedDate], [u].[Password], [u].[PasswordFormat], [u].[PasswordResetRequestActive], [u].[PasswordSalt], [u].[UniqueId], [u].[UserName]
FROM [UserMaster] AS [u]
WHERE [u].[UserId] = @__userId_0 AND [u].[IsActive] = CAST(1 AS bit) ${newline}EXCEPTION: ${exception: ToString:maxInnerExceptionLevel=3}
2023-07-26 22:04:31.5978 - INFO: Executed DbCommand (277ms) [Parameters=[@__userId_0='?' (DbType = Guid)], CommandType='Text', CommandTimeout='30']
SELECT TOP(1) [u].[UserRoleId], [u].[CreatedBy], [u].[CreatedDate], [u].[DeletedBy], [u].[DeletedDate], [u].[IsActive], [u].[ModifiedBy], [u].[ModifiedDate], [u].[RoleId], [u].[UserId], [r].[RoleId], [r].[CreatedBy], [r].[CreatedDate], [r].[DeletedBy], [r].[DeletedDate], [r].[Description], [r].[IsActive], [r].[ModifiedBy], [r].[ModifiedDate], [r].[RoleName]
FROM [UserRole] AS [u]
INNER JOIN [Role] AS [r] ON [u].[RoleId] = [r].[RoleId]
WHERE [u].[UserId] = @__userId_0 AND [u].[IsActive] = CAST(1 AS bit) ${newline}EXCEPTION: ${exception: ToString:maxInnerExceptionLevel=3}
2023-07-26 22:04:31.9495 - INFO: Executed DbCommand (351ms) [Parameters=[@__userId_0='?' (DbType = Guid)], CommandType='Text', CommandTimeout='30']
SELECT TOP(1) [c].[CandidateId], [c].[AdditionalSkills], [c].[Address], [c].[CityId], [c].[CreatedBy], [c].[CreatedDate], [c].[CurrentPay], [c].[DeletedBy], [c].[DeletedDate], [c].[DesignationId], [c].[EmailId], [c].[ExpectedPay], [c].[ExperienceId], [c].[GapInEducation], [c].[GapInExperience], [c].[IsActive], [c].[MobileNumber], [c].[ModifiedBy], [c].[ModifiedDate], [c].[Name], [c].[NoticePeriodId], [c].[PrimarySkillId], [c].[PromoCode], [c].[ReadyToChange], [c].[RestrictEmployerToViewProfile], [c].[UserId]
FROM [CandidateProfile] AS [c]
WHERE [c].[UserId] = @__userId_0 ${newline}EXCEPTION: ${exception: ToString:maxInnerExceptionLevel=3}
2023-07-26 22:04:32.2303 - INFO: Executed DbCommand (248ms) [Parameters=[@__userId_0='?' (DbType = Guid)], CommandType='Text', CommandTimeout='30']
SELECT TOP(1) [u].[RoleId]
FROM [UserRole] AS [u]
WHERE [u].[UserId] = @__userId_0 ${newline}EXCEPTION: ${exception: ToString:maxInnerExceptionLevel=3}
2023-07-26 22:04:32.5623 - INFO: Executed DbCommand (331ms) [Parameters=[@__roleId_0='?' (DbType = Int32)], CommandType='Text', CommandTimeout='30']
SELECT [r].[RoleScreenId], [r].[CreatedBy], [r].[CreatedDate], [r].[DeletedBy], [r].[DeletedDate], [r].[IsActive], [r].[ModifiedBy], [r].[ModifiedDate], [r].[RoleId], [r].[ScreenId], [r0].[RoleId], [r0].[CreatedBy], [r0].[CreatedDate], [r0].[DeletedBy], [r0].[DeletedDate], [r0].[Description], [r0].[IsActive], [r0].[ModifiedBy], [r0].[ModifiedDate], [r0].[RoleName], [s].[ScreenId], [s].[CreatedBy], [s].[CreatedDate], [s].[DeletedBy], [s].[DeletedDate], [s].[Description], [s].[Icon], [s].[IsActive], [s].[MenuLevel], [s].[ModifiedBy], [s].[ModifiedDate], [s].[ParentId], [s].[RoutePath], [s].[ScreenName]
FROM [RoleScreenMapping] AS [r]
INNER JOIN [Role] AS [r0] ON [r].[RoleId] = [r0].[RoleId]
INNER JOIN [Screen] AS [s] ON [r].[ScreenId] = [s].[ScreenId]
WHERE [r].[RoleId] = @__roleId_0 ${newline}EXCEPTION: ${exception: ToString:maxInnerExceptionLevel=3}
2023-07-26 22:04:32.8380 - INFO: Executed DbCommand (274ms) [Parameters=[@__roleId_0='?' (DbType = Int32)], CommandType='Text', CommandTimeout='30']
SELECT [r].[RoleId], [r0].[RoleName], [r].[ScreenId], [s].[ScreenName], [s].[Description] AS [DisplayName], [s].[RoutePath], [s].[Icon], [s].[MenuLevel], [s].[ParentId]
FROM [RoleScreenMapping] AS [r]
INNER JOIN [Role] AS [r0] ON [r].[RoleId] = [r0].[RoleId]
INNER JOIN [Screen] AS [s] ON [r].[ScreenId] = [s].[ScreenId]
WHERE [r].[RoleId] = @__roleId_0 ${newline}EXCEPTION: ${exception: ToString:maxInnerExceptionLevel=3}
2023-07-26 22:04:32.8380 - INFO: Executing OkObjectResult, writing value of type 'IAI.Models.Models.Responses.BaseResponse`1[[IAI.Models.Models.UserDetailsModel, IAI.Models, Version=1.0.0.0, Culture=neutral, PublicKeyToken=null]]'. ${newline}EXCEPTION: ${exception: ToString:maxInnerExceptionLevel=3}
2023-07-26 22:04:32.8380 - INFO: Executed action IAI.WebAPI.Controllers.AccountController.GetUserDetails (IAI.WebAPI) in 1830.4963ms ${newline}EXCEPTION: ${exception: ToString:maxInnerExceptionLevel=3}
2023-07-26 22:04:32.8380 - INFO: Executed endpoint 'IAI.WebAPI.Controllers.AccountController.GetUserDetails (IAI.WebAPI)' ${newline}EXCEPTION: ${exception: ToString:maxInnerExceptionLevel=3}
2023-07-26 22:04:32.8380 - INFO: Request finished HTTP/2 GET https://localhost:7254/api/Account/UserDetails - - - 200 - application/json;+charset=utf-8 1847.6128ms ${newline}EXCEPTION: ${exception: ToString:maxInnerExceptionLevel=3}
