2024-01-16 22:38:09.6446 - INFO: User profile is available. Using 'C:\Users\Dell\AppData\Local\ASP.NET\DataProtection-Keys' as key repository and Windows DPAPI to encrypt keys at rest. ${newline}EXCEPTION: ${exception: ToString:maxInnerExceptionLevel=3}
2024-01-16 22:38:09.9480 - INFO: Creating key {b02b0d7e-a411-460f-9232-7ad3e0f75575} with creation date 2024-01-16 17:08:09Z, activation date 2024-01-16 17:08:09Z, and expiration date 2024-04-15 17:08:09Z. ${newline}EXCEPTION: ${exception: ToString:maxInnerExceptionLevel=3}
2024-01-16 22:38:10.0434 - INFO: Writing data to file 'C:\Users\Dell\AppData\Local\ASP.NET\DataProtection-Keys\key-b02b0d7e-a411-460f-9232-7ad3e0f75575.xml'. ${newline}EXCEPTION: ${exception: ToString:maxInnerExceptionLevel=3}
2024-01-16 22:38:10.5177 - INFO: Now listening on: https://localhost:7254 ${newline}EXCEPTION: ${exception: ToString:maxInnerExceptionLevel=3}
2024-01-16 22:38:10.5177 - INFO: Now listening on: http://localhost:5254 ${newline}EXCEPTION: ${exception: ToString:maxInnerExceptionLevel=3}
2024-01-16 22:38:10.5177 - INFO: Application started. Press Ctrl+C to shut down. ${newline}EXCEPTION: ${exception: ToString:maxInnerExceptionLevel=3}
2024-01-16 22:38:10.5177 - INFO: Hosting environment: Development ${newline}EXCEPTION: ${exception: ToString:maxInnerExceptionLevel=3}
2024-01-16 22:38:10.5177 - INFO: Content root path: D:\Antern\IAmInterviewed\IAmInterviewed\Code\IAI\WebAPI\IAI.WebAPI\ ${newline}EXCEPTION: ${exception: ToString:maxInnerExceptionLevel=3}
2024-01-16 22:38:12.3394 - INFO: Request starting HTTP/2 GET https://localhost:7254/swagger - - ${newline}EXCEPTION: ${exception: ToString:maxInnerExceptionLevel=3}
2024-01-16 22:38:13.0416 - INFO: Request finished HTTP/2 GET https://localhost:7254/swagger - - - 301 0 - 695.7073ms ${newline}EXCEPTION: ${exception: ToString:maxInnerExceptionLevel=3}
2024-01-16 22:38:13.0490 - INFO: Request starting HTTP/2 GET https://localhost:7254/swagger/index.html - - ${newline}EXCEPTION: ${exception: ToString:maxInnerExceptionLevel=3}
2024-01-16 22:38:13.8486 - INFO: Request finished HTTP/2 GET https://localhost:7254/swagger/index.html - - - 200 - text/html;charset=utf-8 799.3451ms ${newline}EXCEPTION: ${exception: ToString:maxInnerExceptionLevel=3}
2024-01-16 22:38:13.9180 - INFO: Request starting HTTP/2 GET https://localhost:7254/swagger/swagger-ui.css - - ${newline}EXCEPTION: ${exception: ToString:maxInnerExceptionLevel=3}
2024-01-16 22:38:13.9180 - INFO: Request starting HTTP/2 GET https://localhost:7254/swagger/swagger-ui-bundle.js - - ${newline}EXCEPTION: ${exception: ToString:maxInnerExceptionLevel=3}
2024-01-16 22:38:13.9180 - INFO: Request starting HTTP/2 GET https://localhost:7254/swagger/swagger-ui-standalone-preset.js - - ${newline}EXCEPTION: ${exception: ToString:maxInnerExceptionLevel=3}
2024-01-16 22:38:13.9180 - INFO: Request starting HTTP/2 GET https://localhost:7254/_framework/aspnetcore-browser-refresh.js - - ${newline}EXCEPTION: ${exception: ToString:maxInnerExceptionLevel=3}
2024-01-16 22:38:13.9180 - INFO: Request starting HTTP/2 GET https://localhost:7254/_vs/browserLink - - ${newline}EXCEPTION: ${exception: ToString:maxInnerExceptionLevel=3}
2024-01-16 22:38:13.9279 - INFO: Request finished HTTP/2 GET https://localhost:7254/_framework/aspnetcore-browser-refresh.js - - - 200 11990 application/javascript;+charset=utf-8 8.6282ms ${newline}EXCEPTION: ${exception: ToString:maxInnerExceptionLevel=3}
2024-01-16 22:38:14.1026 - INFO: Sending file. Request path: '/swagger-ui.css'. Physical path: 'N/A' ${newline}EXCEPTION: ${exception: ToString:maxInnerExceptionLevel=3}
2024-01-16 22:38:14.1026 - INFO: Request finished HTTP/2 GET https://localhost:7254/swagger/swagger-ui.css - - - 200 143632 text/css 184.7897ms ${newline}EXCEPTION: ${exception: ToString:maxInnerExceptionLevel=3}
2024-01-16 22:38:14.1407 - INFO: Sending file. Request path: '/swagger-ui-standalone-preset.js'. Physical path: 'N/A' ${newline}EXCEPTION: ${exception: ToString:maxInnerExceptionLevel=3}
2024-01-16 22:38:14.1407 - INFO: Request finished HTTP/2 GET https://localhost:7254/swagger/swagger-ui-standalone-preset.js - - - 200 337162 application/javascript 222.3546ms ${newline}EXCEPTION: ${exception: ToString:maxInnerExceptionLevel=3}
2024-01-16 22:38:14.1427 - INFO: Sending file. Request path: '/swagger-ui-bundle.js'. Physical path: 'N/A' ${newline}EXCEPTION: ${exception: ToString:maxInnerExceptionLevel=3}
2024-01-16 22:38:14.1427 - INFO: Request finished HTTP/2 GET https://localhost:7254/swagger/swagger-ui-bundle.js - - - 200 1092889 application/javascript 224.0126ms ${newline}EXCEPTION: ${exception: ToString:maxInnerExceptionLevel=3}
2024-01-16 22:38:14.1912 - INFO: Request finished HTTP/2 GET https://localhost:7254/_vs/browserLink - - - 200 - text/javascript;+charset=UTF-8 270.7203ms ${newline}EXCEPTION: ${exception: ToString:maxInnerExceptionLevel=3}
2024-01-16 22:38:14.5006 - INFO: Request starting HTTP/2 GET https://localhost:7254/swagger/v1/swagger.json - - ${newline}EXCEPTION: ${exception: ToString:maxInnerExceptionLevel=3}
2024-01-16 22:38:14.5343 - INFO: Request starting HTTP/2 GET https://localhost:7254/swagger/favicon-32x32.png - - ${newline}EXCEPTION: ${exception: ToString:maxInnerExceptionLevel=3}
2024-01-16 22:38:14.5343 - INFO: Sending file. Request path: '/favicon-32x32.png'. Physical path: 'N/A' ${newline}EXCEPTION: ${exception: ToString:maxInnerExceptionLevel=3}
2024-01-16 22:38:14.5343 - INFO: Request finished HTTP/2 GET https://localhost:7254/swagger/favicon-32x32.png - - - 200 628 image/png 0.7751ms ${newline}EXCEPTION: ${exception: ToString:maxInnerExceptionLevel=3}
2024-01-16 22:38:15.1720 - INFO: Request finished HTTP/2 GET https://localhost:7254/swagger/v1/swagger.json - - - 200 - application/json;charset=utf-8 671.4180ms ${newline}EXCEPTION: ${exception: ToString:maxInnerExceptionLevel=3}
2024-01-16 22:38:33.5052 - INFO: Request starting HTTP/2 GET https://localhost:7254/api/EncryptDecrypt/Decrypt/WfHICKUuw+c5kBFVpwXS3oBO1nX+%2FMC7M8tUKieXcyw= - - ${newline}EXCEPTION: ${exception: ToString:maxInnerExceptionLevel=3}
2024-01-16 22:38:34.2486 - INFO: Executing endpoint 'IAI.WebAPI.Controllers.EncryptDecryptController.DecryptString (IAI.WebAPI)' ${newline}EXCEPTION: ${exception: ToString:maxInnerExceptionLevel=3}
2024-01-16 22:38:34.3526 - INFO: Route matched with {action = "DecryptString", controller = "EncryptDecrypt"}. Executing controller action with signature Microsoft.AspNetCore.Mvc.IActionResult DecryptString(System.String) on controller IAI.WebAPI.Controllers.EncryptDecryptController (IAI.WebAPI). ${newline}EXCEPTION: ${exception: ToString:maxInnerExceptionLevel=3}
2024-01-16 22:38:34.8106 - INFO: Executing BadRequestObjectResult, writing value of type 'System.String'. ${newline}EXCEPTION: ${exception: ToString:maxInnerExceptionLevel=3}
2024-01-16 22:38:34.8289 - INFO: Executed action IAI.WebAPI.Controllers.EncryptDecryptController.DecryptString (IAI.WebAPI) in 469.1906ms ${newline}EXCEPTION: ${exception: ToString:maxInnerExceptionLevel=3}
2024-01-16 22:38:34.8315 - INFO: Executed endpoint 'IAI.WebAPI.Controllers.EncryptDecryptController.DecryptString (IAI.WebAPI)' ${newline}EXCEPTION: ${exception: ToString:maxInnerExceptionLevel=3}
2024-01-16 22:38:34.8315 - INFO: Request finished HTTP/2 GET https://localhost:7254/api/EncryptDecrypt/Decrypt/WfHICKUuw+c5kBFVpwXS3oBO1nX+%2FMC7M8tUKieXcyw= - - - 400 - text/plain;+charset=utf-8 1326.4509ms ${newline}EXCEPTION: ${exception: ToString:maxInnerExceptionLevel=3}
2024-01-16 22:39:48.7376 - INFO: Request starting HTTP/2 GET https://localhost:7254/api/EncryptDecrypt/Decrypt/WfHICKUuw+c5kBFVpwXS3oBO1nX+%2FMC7M8tUKieXcyw= - - ${newline}EXCEPTION: ${exception: ToString:maxInnerExceptionLevel=3}
2024-01-16 22:39:48.7376 - INFO: Executing endpoint 'IAI.WebAPI.Controllers.EncryptDecryptController.DecryptString (IAI.WebAPI)' ${newline}EXCEPTION: ${exception: ToString:maxInnerExceptionLevel=3}
2024-01-16 22:39:48.7376 - INFO: Route matched with {action = "DecryptString", controller = "EncryptDecrypt"}. Executing controller action with signature Microsoft.AspNetCore.Mvc.IActionResult DecryptString(System.String) on controller IAI.WebAPI.Controllers.EncryptDecryptController (IAI.WebAPI). ${newline}EXCEPTION: ${exception: ToString:maxInnerExceptionLevel=3}
2024-01-16 22:39:56.2290 - INFO: Executing BadRequestObjectResult, writing value of type 'System.String'. ${newline}EXCEPTION: ${exception: ToString:maxInnerExceptionLevel=3}
2024-01-16 22:39:56.2290 - INFO: Executed action IAI.WebAPI.Controllers.EncryptDecryptController.DecryptString (IAI.WebAPI) in 7483.8837ms ${newline}EXCEPTION: ${exception: ToString:maxInnerExceptionLevel=3}
2024-01-16 22:39:56.2290 - INFO: Executed endpoint 'IAI.WebAPI.Controllers.EncryptDecryptController.DecryptString (IAI.WebAPI)' ${newline}EXCEPTION: ${exception: ToString:maxInnerExceptionLevel=3}
2024-01-16 22:39:56.2290 - INFO: Request finished HTTP/2 GET https://localhost:7254/api/EncryptDecrypt/Decrypt/WfHICKUuw+c5kBFVpwXS3oBO1nX+%2FMC7M8tUKieXcyw= - - - 400 - text/plain;+charset=utf-8 7491.7358ms ${newline}EXCEPTION: ${exception: ToString:maxInnerExceptionLevel=3}
2024-01-16 22:42:30.2858 - INFO: Request starting HTTP/2 GET https://localhost:7254/api/EncryptDecrypt/DecryptBase64/WfHICKUuw+c5kBFVpwXS3oBO1nX+%2FMC7M8tUKieXcyw= - - ${newline}EXCEPTION: ${exception: ToString:maxInnerExceptionLevel=3}
2024-01-16 22:42:30.3485 - INFO: Executing endpoint 'IAI.WebAPI.Controllers.EncryptDecryptController.DecryptBase64String (IAI.WebAPI)' ${newline}EXCEPTION: ${exception: ToString:maxInnerExceptionLevel=3}
2024-01-16 22:42:30.3485 - INFO: Route matched with {action = "DecryptBase64String", controller = "EncryptDecrypt"}. Executing controller action with signature Microsoft.AspNetCore.Mvc.IActionResult DecryptBase64String(System.String) on controller IAI.WebAPI.Controllers.EncryptDecryptController (IAI.WebAPI). ${newline}EXCEPTION: ${exception: ToString:maxInnerExceptionLevel=3}
2024-01-16 22:42:30.3821 - INFO: Executing BadRequestObjectResult, writing value of type 'System.String'. ${newline}EXCEPTION: ${exception: ToString:maxInnerExceptionLevel=3}
2024-01-16 22:42:30.3821 - INFO: Executed action IAI.WebAPI.Controllers.EncryptDecryptController.DecryptBase64String (IAI.WebAPI) in 32.3208ms ${newline}EXCEPTION: ${exception: ToString:maxInnerExceptionLevel=3}
2024-01-16 22:42:30.3821 - INFO: Executed endpoint 'IAI.WebAPI.Controllers.EncryptDecryptController.DecryptBase64String (IAI.WebAPI)' ${newline}EXCEPTION: ${exception: ToString:maxInnerExceptionLevel=3}
2024-01-16 22:42:30.3821 - INFO: Request finished HTTP/2 GET https://localhost:7254/api/EncryptDecrypt/DecryptBase64/WfHICKUuw+c5kBFVpwXS3oBO1nX+%2FMC7M8tUKieXcyw= - - - 400 - text/plain;+charset=utf-8 96.5736ms ${newline}EXCEPTION: ${exception: ToString:maxInnerExceptionLevel=3}
2024-01-16 22:42:39.7929 - INFO: Request starting HTTP/2 GET https://localhost:7254/api/EncryptDecrypt/Decrypt/WfHICKUuw+c5kBFVpwXS3oBO1nX+%2FMC7M8tUKieXcyw= - - ${newline}EXCEPTION: ${exception: ToString:maxInnerExceptionLevel=3}
2024-01-16 22:42:39.7929 - INFO: Executing endpoint 'IAI.WebAPI.Controllers.EncryptDecryptController.DecryptString (IAI.WebAPI)' ${newline}EXCEPTION: ${exception: ToString:maxInnerExceptionLevel=3}
2024-01-16 22:42:39.7929 - INFO: Route matched with {action = "DecryptString", controller = "EncryptDecrypt"}. Executing controller action with signature Microsoft.AspNetCore.Mvc.IActionResult DecryptString(System.String) on controller IAI.WebAPI.Controllers.EncryptDecryptController (IAI.WebAPI). ${newline}EXCEPTION: ${exception: ToString:maxInnerExceptionLevel=3}
2024-01-16 22:42:39.8266 - INFO: Executing BadRequestObjectResult, writing value of type 'System.String'. ${newline}EXCEPTION: ${exception: ToString:maxInnerExceptionLevel=3}
2024-01-16 22:42:39.8266 - INFO: Executed action IAI.WebAPI.Controllers.EncryptDecryptController.DecryptString (IAI.WebAPI) in 33.6811ms ${newline}EXCEPTION: ${exception: ToString:maxInnerExceptionLevel=3}
2024-01-16 22:42:39.8266 - INFO: Executed endpoint 'IAI.WebAPI.Controllers.EncryptDecryptController.DecryptString (IAI.WebAPI)' ${newline}EXCEPTION: ${exception: ToString:maxInnerExceptionLevel=3}
2024-01-16 22:42:39.8266 - INFO: Request finished HTTP/2 GET https://localhost:7254/api/EncryptDecrypt/Decrypt/WfHICKUuw+c5kBFVpwXS3oBO1nX+%2FMC7M8tUKieXcyw= - - - 400 - text/plain;+charset=utf-8 33.9132ms ${newline}EXCEPTION: ${exception: ToString:maxInnerExceptionLevel=3}
2024-01-16 22:45:01.0668 - INFO: Request starting HTTP/2 GET https://localhost:7254/api/MasterData/GetCountries - - ${newline}EXCEPTION: ${exception: ToString:maxInnerExceptionLevel=3}
2024-01-16 22:45:01.0668 - INFO: CORS policy execution successful. ${newline}EXCEPTION: ${exception: ToString:maxInnerExceptionLevel=3}
2024-01-16 22:45:01.1016 - INFO: Executing endpoint 'IAI.WebAPI.Controllers.MasterDataController.LoadCountries (IAI.WebAPI)' ${newline}EXCEPTION: ${exception: ToString:maxInnerExceptionLevel=3}
2024-01-16 22:45:01.1921 - INFO: Route matched with {action = "LoadCountries", controller = "MasterData"}. Executing controller action with signature System.Threading.Tasks.Task`1[Microsoft.AspNetCore.Mvc.IActionResult] LoadCountries() on controller IAI.WebAPI.Controllers.MasterDataController (IAI.WebAPI). ${newline}EXCEPTION: ${exception: ToString:maxInnerExceptionLevel=3}
2024-01-16 22:45:04.7705 - INFO: Executing OkObjectResult, writing value of type 'IAI.Models.Models.Responses.BaseResponseList`1[[IAI.Models.Models.Common.IdNameModel, IAI.Models, Version=1.0.0.0, Culture=neutral, PublicKeyToken=null]]'. ${newline}EXCEPTION: ${exception: ToString:maxInnerExceptionLevel=3}
2024-01-16 22:45:04.8547 - INFO: Executed action IAI.WebAPI.Controllers.MasterDataController.LoadCountries (IAI.WebAPI) in 3662.5735ms ${newline}EXCEPTION: ${exception: ToString:maxInnerExceptionLevel=3}
2024-01-16 22:45:04.8547 - INFO: Executed endpoint 'IAI.WebAPI.Controllers.MasterDataController.LoadCountries (IAI.WebAPI)' ${newline}EXCEPTION: ${exception: ToString:maxInnerExceptionLevel=3}
2024-01-16 22:45:04.9270 - INFO: Request finished HTTP/2 GET https://localhost:7254/api/MasterData/GetCountries - - - 200 - application/json;+charset=utf-8 3860.1047ms ${newline}EXCEPTION: ${exception: ToString:maxInnerExceptionLevel=3}
2024-01-16 22:48:08.3498 - INFO: Request starting HTTP/2 OPTIONS https://localhost:7254/api/Account/token - - ${newline}EXCEPTION: ${exception: ToString:maxInnerExceptionLevel=3}
2024-01-16 22:48:08.3498 - INFO: CORS policy execution successful. ${newline}EXCEPTION: ${exception: ToString:maxInnerExceptionLevel=3}
2024-01-16 22:48:08.3629 - INFO: Request finished HTTP/2 OPTIONS https://localhost:7254/api/Account/token - - - 204 - - 13.0657ms ${newline}EXCEPTION: ${exception: ToString:maxInnerExceptionLevel=3}
2024-01-16 22:48:08.3629 - INFO: Request starting HTTP/2 POST https://localhost:7254/api/Account/token application/json 63 ${newline}EXCEPTION: ${exception: ToString:maxInnerExceptionLevel=3}
2024-01-16 22:48:08.3629 - INFO: CORS policy execution successful. ${newline}EXCEPTION: ${exception: ToString:maxInnerExceptionLevel=3}
2024-01-16 22:48:08.3629 - INFO: Executing endpoint 'IAI.WebAPI.Controllers.AccountController.GetToken (IAI.WebAPI)' ${newline}EXCEPTION: ${exception: ToString:maxInnerExceptionLevel=3}
2024-01-16 22:48:08.3629 - INFO: Route matched with {action = "GetToken", controller = "Account"}. Executing controller action with signature System.Threading.Tasks.Task`1[Microsoft.AspNetCore.Mvc.IActionResult] GetToken(IAI.Models.Models.Account.LoginModel) on controller IAI.WebAPI.Controllers.AccountController (IAI.WebAPI). ${newline}EXCEPTION: ${exception: ToString:maxInnerExceptionLevel=3}
2024-01-16 22:48:09.1373 - INFO: Executed action IAI.WebAPI.Controllers.AccountController.GetToken (IAI.WebAPI) in 762.9767ms ${newline}EXCEPTION: ${exception: ToString:maxInnerExceptionLevel=3}
2024-01-16 22:48:09.1373 - INFO: Executed endpoint 'IAI.WebAPI.Controllers.AccountController.GetToken (IAI.WebAPI)' ${newline}EXCEPTION: ${exception: ToString:maxInnerExceptionLevel=3}
2024-01-16 22:48:09.1438 - ERROR: An unhandled exception has occurred while executing the request. ${newline}EXCEPTION: ${exception: ToString:maxInnerExceptionLevel=3}
2024-01-16 22:48:10.3968 - INFO: Request finished HTTP/2 POST https://localhost:7254/api/Account/token application/json 63 - 500 - text/plain;+charset=utf-8 2029.2285ms ${newline}EXCEPTION: ${exception: ToString:maxInnerExceptionLevel=3}
2024-01-16 22:48:10.3968 - INFO: Request starting HTTP/2 OPTIONS https://localhost:7254/api/Account/UserDetails - - ${newline}EXCEPTION: ${exception: ToString:maxInnerExceptionLevel=3}
2024-01-16 22:48:10.3968 - INFO: CORS policy execution successful. ${newline}EXCEPTION: ${exception: ToString:maxInnerExceptionLevel=3}
2024-01-16 22:48:10.3968 - INFO: Request finished HTTP/2 OPTIONS https://localhost:7254/api/Account/UserDetails - - - 204 - - 0.1493ms ${newline}EXCEPTION: ${exception: ToString:maxInnerExceptionLevel=3}
2024-01-16 22:48:10.3968 - INFO: Request starting HTTP/2 GET https://localhost:7254/api/Account/UserDetails - - ${newline}EXCEPTION: ${exception: ToString:maxInnerExceptionLevel=3}
2024-01-16 22:48:10.3968 - INFO: CORS policy execution successful. ${newline}EXCEPTION: ${exception: ToString:maxInnerExceptionLevel=3}
2024-01-16 22:48:10.6181 - INFO: Bearer was not authenticated. Failure message: No SecurityTokenValidator available for token. ${newline}EXCEPTION: ${exception: ToString:maxInnerExceptionLevel=3}
2024-01-16 22:48:10.6181 - INFO: Authorization failed. These requirements were not met:
DenyAnonymousAuthorizationRequirement: Requires an authenticated user. ${newline}EXCEPTION: ${exception: ToString:maxInnerExceptionLevel=3}
2024-01-16 22:48:10.6386 - INFO: AuthenticationScheme: Bearer was challenged. ${newline}EXCEPTION: ${exception: ToString:maxInnerExceptionLevel=3}
2024-01-16 22:48:10.6386 - INFO: Request finished HTTP/2 GET https://localhost:7254/api/Account/UserDetails - - - 401 0 - 236.8528ms ${newline}EXCEPTION: ${exception: ToString:maxInnerExceptionLevel=3}
2024-01-16 22:48:20.4545 - INFO: Request starting HTTP/2 OPTIONS https://localhost:7254/api/Account/token - - ${newline}EXCEPTION: ${exception: ToString:maxInnerExceptionLevel=3}
2024-01-16 22:48:20.4545 - INFO: CORS policy execution successful. ${newline}EXCEPTION: ${exception: ToString:maxInnerExceptionLevel=3}
2024-01-16 22:48:20.4545 - INFO: Request finished HTTP/2 OPTIONS https://localhost:7254/api/Account/token - - - 204 - - 0.2753ms ${newline}EXCEPTION: ${exception: ToString:maxInnerExceptionLevel=3}
2024-01-16 22:48:20.4566 - INFO: Request starting HTTP/2 POST https://localhost:7254/api/Account/token application/json 63 ${newline}EXCEPTION: ${exception: ToString:maxInnerExceptionLevel=3}
2024-01-16 22:48:20.4566 - INFO: CORS policy execution successful. ${newline}EXCEPTION: ${exception: ToString:maxInnerExceptionLevel=3}
2024-01-16 22:48:20.4566 - INFO: Executing endpoint 'IAI.WebAPI.Controllers.AccountController.GetToken (IAI.WebAPI)' ${newline}EXCEPTION: ${exception: ToString:maxInnerExceptionLevel=3}
2024-01-16 22:48:20.4566 - INFO: Route matched with {action = "GetToken", controller = "Account"}. Executing controller action with signature System.Threading.Tasks.Task`1[Microsoft.AspNetCore.Mvc.IActionResult] GetToken(IAI.Models.Models.Account.LoginModel) on controller IAI.WebAPI.Controllers.AccountController (IAI.WebAPI). ${newline}EXCEPTION: ${exception: ToString:maxInnerExceptionLevel=3}
2024-01-16 22:48:21.1783 - INFO: Executed action IAI.WebAPI.Controllers.AccountController.GetToken (IAI.WebAPI) in 721.4116ms ${newline}EXCEPTION: ${exception: ToString:maxInnerExceptionLevel=3}
2024-01-16 22:48:21.1783 - INFO: Executed endpoint 'IAI.WebAPI.Controllers.AccountController.GetToken (IAI.WebAPI)' ${newline}EXCEPTION: ${exception: ToString:maxInnerExceptionLevel=3}
2024-01-16 22:48:21.1783 - ERROR: An unhandled exception has occurred while executing the request. ${newline}EXCEPTION: ${exception: ToString:maxInnerExceptionLevel=3}
2024-01-16 22:48:21.1783 - INFO: Request finished HTTP/2 POST https://localhost:7254/api/Account/token application/json 63 - 500 - text/plain;+charset=utf-8 724.7800ms ${newline}EXCEPTION: ${exception: ToString:maxInnerExceptionLevel=3}
2024-01-16 22:48:21.1783 - INFO: Request starting HTTP/2 OPTIONS https://localhost:7254/api/Account/UserDetails - - ${newline}EXCEPTION: ${exception: ToString:maxInnerExceptionLevel=3}
2024-01-16 22:48:21.1783 - INFO: CORS policy execution successful. ${newline}EXCEPTION: ${exception: ToString:maxInnerExceptionLevel=3}
2024-01-16 22:48:21.1783 - INFO: Request finished HTTP/2 OPTIONS https://localhost:7254/api/Account/UserDetails - - - 204 - - 0.1517ms ${newline}EXCEPTION: ${exception: ToString:maxInnerExceptionLevel=3}
2024-01-16 22:48:21.1783 - INFO: Request starting HTTP/2 GET https://localhost:7254/api/Account/UserDetails - - ${newline}EXCEPTION: ${exception: ToString:maxInnerExceptionLevel=3}
2024-01-16 22:48:21.1783 - INFO: CORS policy execution successful. ${newline}EXCEPTION: ${exception: ToString:maxInnerExceptionLevel=3}
2024-01-16 22:48:21.1783 - INFO: Bearer was not authenticated. Failure message: No SecurityTokenValidator available for token. ${newline}EXCEPTION: ${exception: ToString:maxInnerExceptionLevel=3}
2024-01-16 22:48:21.1783 - INFO: Authorization failed. These requirements were not met:
DenyAnonymousAuthorizationRequirement: Requires an authenticated user. ${newline}EXCEPTION: ${exception: ToString:maxInnerExceptionLevel=3}
2024-01-16 22:48:21.1783 - INFO: AuthenticationScheme: Bearer was challenged. ${newline}EXCEPTION: ${exception: ToString:maxInnerExceptionLevel=3}
2024-01-16 22:48:21.1783 - INFO: Request finished HTTP/2 GET https://localhost:7254/api/Account/UserDetails - - - 401 0 - 0.7191ms ${newline}EXCEPTION: ${exception: ToString:maxInnerExceptionLevel=3}
2024-01-16 22:49:23.6352 - INFO: Request starting HTTP/2 OPTIONS https://localhost:7254/api/Account/token - - ${newline}EXCEPTION: ${exception: ToString:maxInnerExceptionLevel=3}
2024-01-16 22:49:23.6352 - INFO: CORS policy execution successful. ${newline}EXCEPTION: ${exception: ToString:maxInnerExceptionLevel=3}
2024-01-16 22:49:23.6352 - INFO: Request finished HTTP/2 OPTIONS https://localhost:7254/api/Account/token - - - 204 - - 3.9751ms ${newline}EXCEPTION: ${exception: ToString:maxInnerExceptionLevel=3}
2024-01-16 22:49:23.6723 - INFO: Request starting HTTP/2 POST https://localhost:7254/api/Account/token application/json 63 ${newline}EXCEPTION: ${exception: ToString:maxInnerExceptionLevel=3}
2024-01-16 22:49:23.6744 - INFO: CORS policy execution successful. ${newline}EXCEPTION: ${exception: ToString:maxInnerExceptionLevel=3}
2024-01-16 22:49:23.6744 - INFO: Executing endpoint 'IAI.WebAPI.Controllers.AccountController.GetToken (IAI.WebAPI)' ${newline}EXCEPTION: ${exception: ToString:maxInnerExceptionLevel=3}
2024-01-16 22:49:23.6744 - INFO: Route matched with {action = "GetToken", controller = "Account"}. Executing controller action with signature System.Threading.Tasks.Task`1[Microsoft.AspNetCore.Mvc.IActionResult] GetToken(IAI.Models.Models.Account.LoginModel) on controller IAI.WebAPI.Controllers.AccountController (IAI.WebAPI). ${newline}EXCEPTION: ${exception: ToString:maxInnerExceptionLevel=3}
2024-01-16 22:50:26.4364 - INFO: Executed action IAI.WebAPI.Controllers.AccountController.GetToken (IAI.WebAPI) in 62761.8448ms ${newline}EXCEPTION: ${exception: ToString:maxInnerExceptionLevel=3}
2024-01-16 22:50:26.4364 - INFO: Executed endpoint 'IAI.WebAPI.Controllers.AccountController.GetToken (IAI.WebAPI)' ${newline}EXCEPTION: ${exception: ToString:maxInnerExceptionLevel=3}
2024-01-16 22:50:26.4364 - ERROR: An unhandled exception has occurred while executing the request. ${newline}EXCEPTION: ${exception: ToString:maxInnerExceptionLevel=3}
2024-01-16 22:50:26.4399 - INFO: Request finished HTTP/2 POST https://localhost:7254/api/Account/token application/json 63 - 500 - text/plain;+charset=utf-8 62767.5880ms ${newline}EXCEPTION: ${exception: ToString:maxInnerExceptionLevel=3}
2024-01-16 22:50:28.9092 - INFO: Request starting HTTP/2 OPTIONS https://localhost:7254/api/Account/token - - ${newline}EXCEPTION: ${exception: ToString:maxInnerExceptionLevel=3}
2024-01-16 22:50:28.9092 - INFO: CORS policy execution successful. ${newline}EXCEPTION: ${exception: ToString:maxInnerExceptionLevel=3}
2024-01-16 22:50:28.9092 - INFO: Request finished HTTP/2 OPTIONS https://localhost:7254/api/Account/token - - - 204 - - 3.2187ms ${newline}EXCEPTION: ${exception: ToString:maxInnerExceptionLevel=3}
2024-01-16 22:50:28.9092 - INFO: Request starting HTTP/2 POST https://localhost:7254/api/Account/token application/json 63 ${newline}EXCEPTION: ${exception: ToString:maxInnerExceptionLevel=3}
2024-01-16 22:50:28.9092 - INFO: CORS policy execution successful. ${newline}EXCEPTION: ${exception: ToString:maxInnerExceptionLevel=3}
2024-01-16 22:50:28.9092 - INFO: Executing endpoint 'IAI.WebAPI.Controllers.AccountController.GetToken (IAI.WebAPI)' ${newline}EXCEPTION: ${exception: ToString:maxInnerExceptionLevel=3}
2024-01-16 22:50:28.9092 - INFO: Route matched with {action = "GetToken", controller = "Account"}. Executing controller action with signature System.Threading.Tasks.Task`1[Microsoft.AspNetCore.Mvc.IActionResult] GetToken(IAI.Models.Models.Account.LoginModel) on controller IAI.WebAPI.Controllers.AccountController (IAI.WebAPI). ${newline}EXCEPTION: ${exception: ToString:maxInnerExceptionLevel=3}
2024-01-16 22:50:46.2163 - INFO: Executed action IAI.WebAPI.Controllers.AccountController.GetToken (IAI.WebAPI) in 17300.2363ms ${newline}EXCEPTION: ${exception: ToString:maxInnerExceptionLevel=3}
2024-01-16 22:50:46.2163 - INFO: Executed endpoint 'IAI.WebAPI.Controllers.AccountController.GetToken (IAI.WebAPI)' ${newline}EXCEPTION: ${exception: ToString:maxInnerExceptionLevel=3}
2024-01-16 22:50:46.2163 - ERROR: An unhandled exception has occurred while executing the request. ${newline}EXCEPTION: ${exception: ToString:maxInnerExceptionLevel=3}
2024-01-16 22:50:46.2163 - INFO: Request finished HTTP/2 POST https://localhost:7254/api/Account/token application/json 63 - 500 - text/plain;+charset=utf-8 17302.4157ms ${newline}EXCEPTION: ${exception: ToString:maxInnerExceptionLevel=3}
2024-01-16 22:50:46.2599 - INFO: Request starting HTTP/2 OPTIONS https://localhost:7254/api/Account/UserDetails - - ${newline}EXCEPTION: ${exception: ToString:maxInnerExceptionLevel=3}
2024-01-16 22:50:46.2599 - INFO: CORS policy execution successful. ${newline}EXCEPTION: ${exception: ToString:maxInnerExceptionLevel=3}
2024-01-16 22:50:46.2599 - INFO: Request finished HTTP/2 OPTIONS https://localhost:7254/api/Account/UserDetails - - - 204 - - 0.5717ms ${newline}EXCEPTION: ${exception: ToString:maxInnerExceptionLevel=3}
2024-01-16 22:50:46.2599 - INFO: Request starting HTTP/2 GET https://localhost:7254/api/Account/UserDetails - - ${newline}EXCEPTION: ${exception: ToString:maxInnerExceptionLevel=3}
2024-01-16 22:50:46.2599 - INFO: CORS policy execution successful. ${newline}EXCEPTION: ${exception: ToString:maxInnerExceptionLevel=3}
2024-01-16 22:50:46.2599 - INFO: Bearer was not authenticated. Failure message: No SecurityTokenValidator available for token. ${newline}EXCEPTION: ${exception: ToString:maxInnerExceptionLevel=3}
2024-01-16 22:50:46.2599 - INFO: Authorization failed. These requirements were not met:
DenyAnonymousAuthorizationRequirement: Requires an authenticated user. ${newline}EXCEPTION: ${exception: ToString:maxInnerExceptionLevel=3}
2024-01-16 22:50:46.2599 - INFO: AuthenticationScheme: Bearer was challenged. ${newline}EXCEPTION: ${exception: ToString:maxInnerExceptionLevel=3}
2024-01-16 22:50:46.2599 - INFO: Request finished HTTP/2 GET https://localhost:7254/api/Account/UserDetails - - - 401 0 - 1.3086ms ${newline}EXCEPTION: ${exception: ToString:maxInnerExceptionLevel=3}
2024-01-16 22:51:36.5405 - INFO: Request starting HTTP/2 OPTIONS https://localhost:7254/api/Account/token - - ${newline}EXCEPTION: ${exception: ToString:maxInnerExceptionLevel=3}
2024-01-16 22:51:36.5405 - INFO: CORS policy execution successful. ${newline}EXCEPTION: ${exception: ToString:maxInnerExceptionLevel=3}
2024-01-16 22:51:36.5405 - INFO: Request finished HTTP/2 OPTIONS https://localhost:7254/api/Account/token - - - 204 - - 0.6120ms ${newline}EXCEPTION: ${exception: ToString:maxInnerExceptionLevel=3}
2024-01-16 22:51:36.5515 - INFO: Request starting HTTP/2 POST https://localhost:7254/api/Account/token application/json 63 ${newline}EXCEPTION: ${exception: ToString:maxInnerExceptionLevel=3}
2024-01-16 22:51:36.5515 - INFO: CORS policy execution successful. ${newline}EXCEPTION: ${exception: ToString:maxInnerExceptionLevel=3}
2024-01-16 22:51:36.5515 - INFO: Executing endpoint 'IAI.WebAPI.Controllers.AccountController.GetToken (IAI.WebAPI)' ${newline}EXCEPTION: ${exception: ToString:maxInnerExceptionLevel=3}
2024-01-16 22:51:36.5515 - INFO: Route matched with {action = "GetToken", controller = "Account"}. Executing controller action with signature System.Threading.Tasks.Task`1[Microsoft.AspNetCore.Mvc.IActionResult] GetToken(IAI.Models.Models.Account.LoginModel) on controller IAI.WebAPI.Controllers.AccountController (IAI.WebAPI). ${newline}EXCEPTION: ${exception: ToString:maxInnerExceptionLevel=3}
2024-01-16 22:51:39.2799 - INFO: Executed action IAI.WebAPI.Controllers.AccountController.GetToken (IAI.WebAPI) in 2728.096ms ${newline}EXCEPTION: ${exception: ToString:maxInnerExceptionLevel=3}
2024-01-16 22:51:39.2799 - INFO: Executed endpoint 'IAI.WebAPI.Controllers.AccountController.GetToken (IAI.WebAPI)' ${newline}EXCEPTION: ${exception: ToString:maxInnerExceptionLevel=3}
2024-01-16 22:51:39.2799 - ERROR: An unhandled exception has occurred while executing the request. ${newline}EXCEPTION: ${exception: ToString:maxInnerExceptionLevel=3}
2024-01-16 22:51:39.2799 - INFO: Request finished HTTP/2 POST https://localhost:7254/api/Account/token application/json 63 - 500 - text/plain;+charset=utf-8 2730.6704ms ${newline}EXCEPTION: ${exception: ToString:maxInnerExceptionLevel=3}
2024-01-16 22:51:39.2871 - INFO: Request starting HTTP/2 OPTIONS https://localhost:7254/api/Account/UserDetails - - ${newline}EXCEPTION: ${exception: ToString:maxInnerExceptionLevel=3}
2024-01-16 22:51:39.2871 - INFO: CORS policy execution successful. ${newline}EXCEPTION: ${exception: ToString:maxInnerExceptionLevel=3}
2024-01-16 22:51:39.2871 - INFO: Request finished HTTP/2 OPTIONS https://localhost:7254/api/Account/UserDetails - - - 204 - - 0.1934ms ${newline}EXCEPTION: ${exception: ToString:maxInnerExceptionLevel=3}
2024-01-16 22:51:39.2871 - INFO: Request starting HTTP/2 GET https://localhost:7254/api/Account/UserDetails - - ${newline}EXCEPTION: ${exception: ToString:maxInnerExceptionLevel=3}
2024-01-16 22:51:39.2871 - INFO: CORS policy execution successful. ${newline}EXCEPTION: ${exception: ToString:maxInnerExceptionLevel=3}
2024-01-16 22:51:39.2871 - INFO: Bearer was not authenticated. Failure message: No SecurityTokenValidator available for token. ${newline}EXCEPTION: ${exception: ToString:maxInnerExceptionLevel=3}
2024-01-16 22:51:39.2871 - INFO: Authorization failed. These requirements were not met:
DenyAnonymousAuthorizationRequirement: Requires an authenticated user. ${newline}EXCEPTION: ${exception: ToString:maxInnerExceptionLevel=3}
2024-01-16 22:51:39.2871 - INFO: AuthenticationScheme: Bearer was challenged. ${newline}EXCEPTION: ${exception: ToString:maxInnerExceptionLevel=3}
2024-01-16 22:51:39.2871 - INFO: Request finished HTTP/2 GET https://localhost:7254/api/Account/UserDetails - - - 401 0 - 0.5127ms ${newline}EXCEPTION: ${exception: ToString:maxInnerExceptionLevel=3}
2024-01-16 22:51:45.9130 - INFO: Request starting HTTP/2 OPTIONS https://localhost:7254/api/Account/token - - ${newline}EXCEPTION: ${exception: ToString:maxInnerExceptionLevel=3}
2024-01-16 22:51:45.9130 - INFO: CORS policy execution successful. ${newline}EXCEPTION: ${exception: ToString:maxInnerExceptionLevel=3}
2024-01-16 22:51:45.9130 - INFO: Request finished HTTP/2 OPTIONS https://localhost:7254/api/Account/token - - - 204 - - 0.2511ms ${newline}EXCEPTION: ${exception: ToString:maxInnerExceptionLevel=3}
2024-01-16 22:51:45.9130 - INFO: Request starting HTTP/2 POST https://localhost:7254/api/Account/token application/json 63 ${newline}EXCEPTION: ${exception: ToString:maxInnerExceptionLevel=3}
2024-01-16 22:51:45.9130 - INFO: CORS policy execution successful. ${newline}EXCEPTION: ${exception: ToString:maxInnerExceptionLevel=3}
2024-01-16 22:51:45.9130 - INFO: Executing endpoint 'IAI.WebAPI.Controllers.AccountController.GetToken (IAI.WebAPI)' ${newline}EXCEPTION: ${exception: ToString:maxInnerExceptionLevel=3}
2024-01-16 22:51:45.9130 - INFO: Route matched with {action = "GetToken", controller = "Account"}. Executing controller action with signature System.Threading.Tasks.Task`1[Microsoft.AspNetCore.Mvc.IActionResult] GetToken(IAI.Models.Models.Account.LoginModel) on controller IAI.WebAPI.Controllers.AccountController (IAI.WebAPI). ${newline}EXCEPTION: ${exception: ToString:maxInnerExceptionLevel=3}
2024-01-16 22:53:34.6904 - INFO: User profile is available. Using 'C:\Users\Dell\AppData\Local\ASP.NET\DataProtection-Keys' as key repository and Windows DPAPI to encrypt keys at rest. ${newline}EXCEPTION: ${exception: ToString:maxInnerExceptionLevel=3}
2024-01-16 22:53:35.0973 - INFO: Now listening on: https://localhost:7254 ${newline}EXCEPTION: ${exception: ToString:maxInnerExceptionLevel=3}
2024-01-16 22:53:35.0973 - INFO: Now listening on: http://localhost:5254 ${newline}EXCEPTION: ${exception: ToString:maxInnerExceptionLevel=3}
2024-01-16 22:53:35.0973 - INFO: Application started. Press Ctrl+C to shut down. ${newline}EXCEPTION: ${exception: ToString:maxInnerExceptionLevel=3}
2024-01-16 22:53:35.0973 - INFO: Hosting environment: Development ${newline}EXCEPTION: ${exception: ToString:maxInnerExceptionLevel=3}
2024-01-16 22:53:35.0973 - INFO: Content root path: D:\Antern\IAmInterviewed\IAmInterviewed\Code\IAI\WebAPI\IAI.WebAPI\ ${newline}EXCEPTION: ${exception: ToString:maxInnerExceptionLevel=3}
2024-01-16 22:53:35.9394 - INFO: Request starting HTTP/2 GET https://localhost:7254/swagger/index.html - - ${newline}EXCEPTION: ${exception: ToString:maxInnerExceptionLevel=3}
2024-01-16 22:53:36.5227 - INFO: Request finished HTTP/2 GET https://localhost:7254/swagger/index.html - - - 200 - text/html;charset=utf-8 586.8087ms ${newline}EXCEPTION: ${exception: ToString:maxInnerExceptionLevel=3}
2024-01-16 22:53:36.5525 - INFO: Request starting HTTP/2 GET https://localhost:7254/_framework/aspnetcore-browser-refresh.js - - ${newline}EXCEPTION: ${exception: ToString:maxInnerExceptionLevel=3}
2024-01-16 22:53:36.5525 - INFO: Request starting HTTP/2 GET https://localhost:7254/_vs/browserLink - - ${newline}EXCEPTION: ${exception: ToString:maxInnerExceptionLevel=3}
2024-01-16 22:53:36.5525 - INFO: Request finished HTTP/2 GET https://localhost:7254/_framework/aspnetcore-browser-refresh.js - - - 200 11990 application/javascript;+charset=utf-8 9.8164ms ${newline}EXCEPTION: ${exception: ToString:maxInnerExceptionLevel=3}
2024-01-16 22:53:36.5980 - INFO: Request finished HTTP/2 GET https://localhost:7254/_vs/browserLink - - - 200 - text/javascript;+charset=UTF-8 41.3544ms ${newline}EXCEPTION: ${exception: ToString:maxInnerExceptionLevel=3}
2024-01-16 22:53:36.7907 - INFO: Request starting HTTP/2 GET https://localhost:7254/swagger/v1/swagger.json - - ${newline}EXCEPTION: ${exception: ToString:maxInnerExceptionLevel=3}
2024-01-16 22:53:37.2479 - INFO: Request finished HTTP/2 GET https://localhost:7254/swagger/v1/swagger.json - - - 200 - application/json;charset=utf-8 457.1900ms ${newline}EXCEPTION: ${exception: ToString:maxInnerExceptionLevel=3}
2024-01-16 22:53:49.7204 - INFO: Request starting HTTP/2 OPTIONS https://localhost:7254/api/Account/token - - ${newline}EXCEPTION: ${exception: ToString:maxInnerExceptionLevel=3}
2024-01-16 22:53:49.7323 - INFO: CORS policy execution successful. ${newline}EXCEPTION: ${exception: ToString:maxInnerExceptionLevel=3}
2024-01-16 22:53:49.7323 - INFO: Request finished HTTP/2 OPTIONS https://localhost:7254/api/Account/token - - - 204 - - 15.8087ms ${newline}EXCEPTION: ${exception: ToString:maxInnerExceptionLevel=3}
2024-01-16 22:53:49.7395 - INFO: Request starting HTTP/2 POST https://localhost:7254/api/Account/token application/json 63 ${newline}EXCEPTION: ${exception: ToString:maxInnerExceptionLevel=3}
2024-01-16 22:53:49.7395 - INFO: CORS policy execution successful. ${newline}EXCEPTION: ${exception: ToString:maxInnerExceptionLevel=3}
2024-01-16 22:53:50.1257 - INFO: Executing endpoint 'IAI.WebAPI.Controllers.AccountController.GetToken (IAI.WebAPI)' ${newline}EXCEPTION: ${exception: ToString:maxInnerExceptionLevel=3}
2024-01-16 22:53:50.1613 - INFO: Route matched with {action = "GetToken", controller = "Account"}. Executing controller action with signature System.Threading.Tasks.Task`1[Microsoft.AspNetCore.Mvc.IActionResult] GetToken(IAI.Models.Models.Account.LoginModel) on controller IAI.WebAPI.Controllers.AccountController (IAI.WebAPI). ${newline}EXCEPTION: ${exception: ToString:maxInnerExceptionLevel=3}
2024-01-16 22:53:54.0712 - WARN: No store type was specified for the decimal property 'CurrentPay' on entity type 'CandidateProfile'. This will cause values to be silently truncated if they do not fit in the default precision and scale. Explicitly specify the SQL server column type that can accommodate all the values in 'OnModelCreating' using 'HasColumnType', specify precision and scale using 'HasPrecision', or configure a value converter using 'HasConversion'. ${newline}EXCEPTION: ${exception: ToString:maxInnerExceptionLevel=3}
2024-01-16 22:53:54.0712 - WARN: No store type was specified for the decimal property 'ExpectedPay' on entity type 'CandidateProfile'. This will cause values to be silently truncated if they do not fit in the default precision and scale. Explicitly specify the SQL server column type that can accommodate all the values in 'OnModelCreating' using 'HasColumnType', specify precision and scale using 'HasPrecision', or configure a value converter using 'HasConversion'. ${newline}EXCEPTION: ${exception: ToString:maxInnerExceptionLevel=3}
2024-01-16 22:53:54.0712 - WARN: No store type was specified for the decimal property 'TotalRating' on entity type 'InterviewRating'. This will cause values to be silently truncated if they do not fit in the default precision and scale. Explicitly specify the SQL server column type that can accommodate all the values in 'OnModelCreating' using 'HasColumnType', specify precision and scale using 'HasPrecision', or configure a value converter using 'HasConversion'. ${newline}EXCEPTION: ${exception: ToString:maxInnerExceptionLevel=3}
2024-01-16 22:53:58.1391 - INFO: Executed DbCommand (409ms) [Parameters=[@__ToLower_0='?' (Size = 4000)], CommandType='Text', CommandTimeout='30']
SELECT TOP(1) [u].[UserId], [u].[CreatedBy], [u].[CreatedDate], [u].[DeletedBy], [u].[DeletedDate], [u].[FailedPasswordAttemptCount], [u].[IsActive], [u].[IsLockedOut], [u].[IsPasswordChanged], [u].[IsVerified], [u].[LastActivityDate], [u].[LastLockoutDate], [u].[LastLoginDate], [u].[LastPasswordChangedDate], [u].[LoweredUserName], [u].[ModifiedBy], [u].[ModifiedDate], [u].[Password], [u].[PasswordFormat], [u].[PasswordResetRequestActive], [u].[PasswordSalt], [u].[UniqueId], [u].[UserName], [u].[VerificationCode]
FROM [UserMaster] AS [u]
WHERE LOWER([u].[UserName]) = @__ToLower_0 AND [u].[IsActive] = CAST(1 AS bit) AND [u].[IsVerified] = CAST(1 AS bit) ${newline}EXCEPTION: ${exception: ToString:maxInnerExceptionLevel=3}
2024-01-16 22:54:01.2465 - INFO: Executed DbCommand (262ms) [Parameters=[@__userId_0='?' (DbType = Guid)], CommandType='Text', CommandTimeout='30']
SELECT TOP(1) [u].[UserRoleId], [u].[CreatedBy], [u].[CreatedDate], [u].[DeletedBy], [u].[DeletedDate], [u].[IsActive], [u].[ModifiedBy], [u].[ModifiedDate], [u].[RoleId], [u].[UserId], [r].[RoleId], [r].[CreatedBy], [r].[CreatedDate], [r].[DeletedBy], [r].[DeletedDate], [r].[Description], [r].[IsActive], [r].[ModifiedBy], [r].[ModifiedDate], [r].[RoleName]
FROM [UserRole] AS [u]
INNER JOIN [Role] AS [r] ON [u].[RoleId] = [r].[RoleId]
WHERE [u].[UserId] = @__userId_0 AND [u].[IsActive] = CAST(1 AS bit) ${newline}EXCEPTION: ${exception: ToString:maxInnerExceptionLevel=3}
2024-01-16 22:54:01.6115 - INFO: Executing OkObjectResult, writing value of type 'IAI.Models.Models.JWTTokens.UserTokens'. ${newline}EXCEPTION: ${exception: ToString:maxInnerExceptionLevel=3}
2024-01-16 22:54:01.6627 - INFO: Executed action IAI.WebAPI.Controllers.AccountController.GetToken (IAI.WebAPI) in 11497.108ms ${newline}EXCEPTION: ${exception: ToString:maxInnerExceptionLevel=3}
2024-01-16 22:54:01.6627 - INFO: Executed endpoint 'IAI.WebAPI.Controllers.AccountController.GetToken (IAI.WebAPI)' ${newline}EXCEPTION: ${exception: ToString:maxInnerExceptionLevel=3}
2024-01-16 22:54:01.6873 - INFO: Request finished HTTP/2 POST https://localhost:7254/api/Account/token application/json 63 - 200 - application/json;+charset=utf-8 11947.7990ms ${newline}EXCEPTION: ${exception: ToString:maxInnerExceptionLevel=3}
2024-01-16 22:54:01.7097 - INFO: Request starting HTTP/2 OPTIONS https://localhost:7254/api/Account/UserDetails - - ${newline}EXCEPTION: ${exception: ToString:maxInnerExceptionLevel=3}
2024-01-16 22:54:01.7097 - INFO: CORS policy execution successful. ${newline}EXCEPTION: ${exception: ToString:maxInnerExceptionLevel=3}
2024-01-16 22:54:01.7097 - INFO: Request finished HTTP/2 OPTIONS https://localhost:7254/api/Account/UserDetails - - - 204 - - 5.5052ms ${newline}EXCEPTION: ${exception: ToString:maxInnerExceptionLevel=3}
2024-01-16 22:54:01.7097 - INFO: Request starting HTTP/2 GET https://localhost:7254/api/Account/UserDetails - - ${newline}EXCEPTION: ${exception: ToString:maxInnerExceptionLevel=3}
2024-01-16 22:54:01.7097 - INFO: CORS policy execution successful. ${newline}EXCEPTION: ${exception: ToString:maxInnerExceptionLevel=3}
2024-01-16 22:54:01.8221 - INFO: Executing endpoint 'IAI.WebAPI.Controllers.AccountController.GetUserDetails (IAI.WebAPI)' ${newline}EXCEPTION: ${exception: ToString:maxInnerExceptionLevel=3}
2024-01-16 22:54:01.8221 - INFO: Route matched with {action = "GetUserDetails", controller = "Account"}. Executing controller action with signature System.Threading.Tasks.Task`1[Microsoft.AspNetCore.Mvc.IActionResult] GetUserDetails() on controller IAI.WebAPI.Controllers.AccountController (IAI.WebAPI). ${newline}EXCEPTION: ${exception: ToString:maxInnerExceptionLevel=3}
2024-01-16 22:54:02.0981 - INFO: Executed DbCommand (259ms) [Parameters=[@__userId_0='?' (DbType = Guid)], CommandType='Text', CommandTimeout='30']
SELECT TOP(1) [u].[UserId], [u].[CreatedBy], [u].[CreatedDate], [u].[DeletedBy], [u].[DeletedDate], [u].[FailedPasswordAttemptCount], [u].[IsActive], [u].[IsLockedOut], [u].[IsPasswordChanged], [u].[IsVerified], [u].[LastActivityDate], [u].[LastLockoutDate], [u].[LastLoginDate], [u].[LastPasswordChangedDate], [u].[LoweredUserName], [u].[ModifiedBy], [u].[ModifiedDate], [u].[Password], [u].[PasswordFormat], [u].[PasswordResetRequestActive], [u].[PasswordSalt], [u].[UniqueId], [u].[UserName], [u].[VerificationCode]
FROM [UserMaster] AS [u]
WHERE [u].[UserId] = @__userId_0 AND [u].[IsActive] = CAST(1 AS bit) ${newline}EXCEPTION: ${exception: ToString:maxInnerExceptionLevel=3}
2024-01-16 22:54:02.3554 - INFO: Executed DbCommand (254ms) [Parameters=[@__userId_0='?' (DbType = Guid)], CommandType='Text', CommandTimeout='30']
SELECT TOP(1) [u].[UserRoleId], [u].[CreatedBy], [u].[CreatedDate], [u].[DeletedBy], [u].[DeletedDate], [u].[IsActive], [u].[ModifiedBy], [u].[ModifiedDate], [u].[RoleId], [u].[UserId], [r].[RoleId], [r].[CreatedBy], [r].[CreatedDate], [r].[DeletedBy], [r].[DeletedDate], [r].[Description], [r].[IsActive], [r].[ModifiedBy], [r].[ModifiedDate], [r].[RoleName]
FROM [UserRole] AS [u]
INNER JOIN [Role] AS [r] ON [u].[RoleId] = [r].[RoleId]
WHERE [u].[UserId] = @__userId_0 AND [u].[IsActive] = CAST(1 AS bit) ${newline}EXCEPTION: ${exception: ToString:maxInnerExceptionLevel=3}
2024-01-16 22:54:02.6495 - INFO: Executed DbCommand (258ms) [Parameters=[@__userId_0='?' (DbType = Guid)], CommandType='Text', CommandTimeout='30']
SELECT TOP(1) [c].[CompanyId], [c].[Address], [c].[CityId], [c].[ContactPersonEmailId], [c].[ContactPersonName], [c].[ContactPersonPhoneNumber], [c].[CountryId], [c].[CreatedBy], [c].[CreatedDate], [c].[DeletedBy], [c].[DeletedDate], [c].[EmailId], [c].[IsActive], [c].[MobileNumber], [c].[ModifiedBy], [c].[ModifiedDate], [c].[Name], [c].[UserId], [c].[Website]
FROM [CompanyProfile] AS [c]
WHERE [c].[UserId] = @__userId_0 ${newline}EXCEPTION: ${exception: ToString:maxInnerExceptionLevel=3}
2024-01-16 22:54:03.0055 - INFO: Executed DbCommand (258ms) [Parameters=[@__userId_0='?' (DbType = Guid)], CommandType='Text', CommandTimeout='30']
SELECT TOP(1) [u].[RoleId]
FROM [UserRole] AS [u]
WHERE [u].[UserId] = @__userId_0 ${newline}EXCEPTION: ${exception: ToString:maxInnerExceptionLevel=3}
2024-01-16 22:54:03.3955 - INFO: Executed DbCommand (359ms) [Parameters=[@__roleId_0='?' (DbType = Int32)], CommandType='Text', CommandTimeout='30']
SELECT [r].[RoleScreenId], [r].[CreatedBy], [r].[CreatedDate], [r].[DeletedBy], [r].[DeletedDate], [r].[IsActive], [r].[ModifiedBy], [r].[ModifiedDate], [r].[RoleId], [r].[ScreenId], [r0].[RoleId], [r0].[CreatedBy], [r0].[CreatedDate], [r0].[DeletedBy], [r0].[DeletedDate], [r0].[Description], [r0].[IsActive], [r0].[ModifiedBy], [r0].[ModifiedDate], [r0].[RoleName], [s].[ScreenId], [s].[CreatedBy], [s].[CreatedDate], [s].[DeletedBy], [s].[DeletedDate], [s].[Description], [s].[Icon], [s].[IsActive], [s].[MenuLevel], [s].[ModifiedBy], [s].[ModifiedDate], [s].[ParentId], [s].[RoutePath], [s].[ScreenName], [s].[ScreenOrder]
FROM [RoleScreenMapping] AS [r]
INNER JOIN [Role] AS [r0] ON [r].[RoleId] = [r0].[RoleId]
INNER JOIN [Screen] AS [s] ON [r].[ScreenId] = [s].[ScreenId]
WHERE [r].[RoleId] = @__roleId_0 ${newline}EXCEPTION: ${exception: ToString:maxInnerExceptionLevel=3}
2024-01-16 22:54:03.7406 - INFO: Executed DbCommand (258ms) [Parameters=[@__roleId_0='?' (DbType = Int32)], CommandType='Text', CommandTimeout='30']
SELECT [r].[RoleId], [r0].[RoleName], [r].[ScreenId], [s].[ScreenName], [s].[Description] AS [DisplayName], [s].[RoutePath], [s].[Icon], [s].[MenuLevel], [s].[ParentId]
FROM [RoleScreenMapping] AS [r]
INNER JOIN [Screen] AS [s] ON [r].[ScreenId] = [s].[ScreenId]
INNER JOIN [Role] AS [r0] ON [r].[RoleId] = [r0].[RoleId]
WHERE [r].[RoleId] = @__roleId_0
ORDER BY [s].[ScreenOrder] ${newline}EXCEPTION: ${exception: ToString:maxInnerExceptionLevel=3}
2024-01-16 22:54:03.7406 - INFO: Executing OkObjectResult, writing value of type 'IAI.Models.Models.Responses.BaseResponse`1[[IAI.Models.Models.UserDetailsModel, IAI.Models, Version=1.0.0.0, Culture=neutral, PublicKeyToken=null]]'. ${newline}EXCEPTION: ${exception: ToString:maxInnerExceptionLevel=3}
2024-01-16 22:54:03.7612 - INFO: Executed action IAI.WebAPI.Controllers.AccountController.GetUserDetails (IAI.WebAPI) in 1936.4848ms ${newline}EXCEPTION: ${exception: ToString:maxInnerExceptionLevel=3}
2024-01-16 22:54:03.7612 - INFO: Executed endpoint 'IAI.WebAPI.Controllers.AccountController.GetUserDetails (IAI.WebAPI)' ${newline}EXCEPTION: ${exception: ToString:maxInnerExceptionLevel=3}
2024-01-16 22:54:03.7612 - INFO: Request finished HTTP/2 GET https://localhost:7254/api/Account/UserDetails - - - 200 - application/json;+charset=utf-8 2045.4907ms ${newline}EXCEPTION: ${exception: ToString:maxInnerExceptionLevel=3}
2024-01-16 23:18:34.4228 - INFO: Request starting HTTP/2 OPTIONS https://localhost:7254/api/Department/getDepartments - - ${newline}EXCEPTION: ${exception: ToString:maxInnerExceptionLevel=3}
2024-01-16 23:18:34.4269 - INFO: Request starting HTTP/2 OPTIONS https://localhost:7254/api/MasterData/GetCountries - - ${newline}EXCEPTION: ${exception: ToString:maxInnerExceptionLevel=3}
2024-01-16 23:18:34.4269 - INFO: CORS policy execution successful. ${newline}EXCEPTION: ${exception: ToString:maxInnerExceptionLevel=3}
2024-01-16 23:18:34.4269 - INFO: Request starting HTTP/2 OPTIONS https://localhost:7254/api/Account/UserDetails - - ${newline}EXCEPTION: ${exception: ToString:maxInnerExceptionLevel=3}
2024-01-16 23:18:34.4269 - INFO: CORS policy execution successful. ${newline}EXCEPTION: ${exception: ToString:maxInnerExceptionLevel=3}
2024-01-16 23:18:34.4415 - INFO: Request finished HTTP/2 OPTIONS https://localhost:7254/api/Account/UserDetails - - - 204 - - 0.3174ms ${newline}EXCEPTION: ${exception: ToString:maxInnerExceptionLevel=3}
2024-01-16 23:18:34.4415 - INFO: Request finished HTTP/2 OPTIONS https://localhost:7254/api/Department/getDepartments - - - 204 - - 24.1543ms ${newline}EXCEPTION: ${exception: ToString:maxInnerExceptionLevel=3}
2024-01-16 23:18:34.4627 - INFO: CORS policy execution successful. ${newline}EXCEPTION: ${exception: ToString:maxInnerExceptionLevel=3}
2024-01-16 23:18:34.4627 - INFO: Request finished HTTP/2 OPTIONS https://localhost:7254/api/MasterData/GetCountries - - - 204 - - 36.0076ms ${newline}EXCEPTION: ${exception: ToString:maxInnerExceptionLevel=3}
2024-01-16 23:18:34.4774 - INFO: Request starting HTTP/2 POST https://localhost:7254/api/Department/getDepartments application/json 118 ${newline}EXCEPTION: ${exception: ToString:maxInnerExceptionLevel=3}
2024-01-16 23:18:34.4774 - INFO: Request starting HTTP/2 GET https://localhost:7254/api/Account/UserDetails - - ${newline}EXCEPTION: ${exception: ToString:maxInnerExceptionLevel=3}
2024-01-16 23:18:34.4774 - INFO: Request starting HTTP/2 GET https://localhost:7254/api/MasterData/GetCountries - - ${newline}EXCEPTION: ${exception: ToString:maxInnerExceptionLevel=3}
2024-01-16 23:18:34.4774 - INFO: CORS policy execution successful. ${newline}EXCEPTION: ${exception: ToString:maxInnerExceptionLevel=3}
2024-01-16 23:18:34.4774 - INFO: CORS policy execution successful. ${newline}EXCEPTION: ${exception: ToString:maxInnerExceptionLevel=3}
2024-01-16 23:18:34.4774 - INFO: Executing endpoint 'IAI.WebAPI.Controllers.AccountController.GetUserDetails (IAI.WebAPI)' ${newline}EXCEPTION: ${exception: ToString:maxInnerExceptionLevel=3}
2024-01-16 23:18:34.4774 - INFO: Route matched with {action = "GetUserDetails", controller = "Account"}. Executing controller action with signature System.Threading.Tasks.Task`1[Microsoft.AspNetCore.Mvc.IActionResult] GetUserDetails() on controller IAI.WebAPI.Controllers.AccountController (IAI.WebAPI). ${newline}EXCEPTION: ${exception: ToString:maxInnerExceptionLevel=3}
2024-01-16 23:18:34.4774 - INFO: Executing endpoint 'IAI.WebAPI.Controllers.Company.DepartmentController.GetDepartments (IAI.WebAPI)' ${newline}EXCEPTION: ${exception: ToString:maxInnerExceptionLevel=3}
2024-01-16 23:18:34.4774 - INFO: CORS policy execution successful. ${newline}EXCEPTION: ${exception: ToString:maxInnerExceptionLevel=3}
2024-01-16 23:18:34.4774 - INFO: Executing endpoint 'IAI.WebAPI.Controllers.MasterDataController.LoadCountries (IAI.WebAPI)' ${newline}EXCEPTION: ${exception: ToString:maxInnerExceptionLevel=3}
2024-01-16 23:18:34.4880 - INFO: Route matched with {action = "LoadCountries", controller = "MasterData"}. Executing controller action with signature System.Threading.Tasks.Task`1[Microsoft.AspNetCore.Mvc.IActionResult] LoadCountries() on controller IAI.WebAPI.Controllers.MasterDataController (IAI.WebAPI). ${newline}EXCEPTION: ${exception: ToString:maxInnerExceptionLevel=3}
2024-01-16 23:18:34.4880 - INFO: Route matched with {action = "GetDepartments", controller = "Department"}. Executing controller action with signature System.Threading.Tasks.Task`1[Microsoft.AspNetCore.Mvc.IActionResult] GetDepartments(IAI.Models.Models.Company.Request.DepartmentSearchInputModel) on controller IAI.WebAPI.Controllers.Company.DepartmentController (IAI.WebAPI). ${newline}EXCEPTION: ${exception: ToString:maxInnerExceptionLevel=3}
2024-01-16 23:18:35.8270 - INFO: Executed DbCommand (253ms) [Parameters=[@__userId_0='?' (DbType = Guid)], CommandType='Text', CommandTimeout='30']
SELECT TOP(1) [u].[UserId], [u].[CreatedBy], [u].[CreatedDate], [u].[DeletedBy], [u].[DeletedDate], [u].[FailedPasswordAttemptCount], [u].[IsActive], [u].[IsLockedOut], [u].[IsPasswordChanged], [u].[IsVerified], [u].[LastActivityDate], [u].[LastLockoutDate], [u].[LastLoginDate], [u].[LastPasswordChangedDate], [u].[LoweredUserName], [u].[ModifiedBy], [u].[ModifiedDate], [u].[Password], [u].[PasswordFormat], [u].[PasswordResetRequestActive], [u].[PasswordSalt], [u].[UniqueId], [u].[UserName], [u].[VerificationCode]
FROM [UserMaster] AS [u]
WHERE [u].[UserId] = @__userId_0 AND [u].[IsActive] = CAST(1 AS bit) ${newline}EXCEPTION: ${exception: ToString:maxInnerExceptionLevel=3}
2024-01-16 23:18:36.0809 - INFO: Executed DbCommand (253ms) [Parameters=[@__userId_0='?' (DbType = Guid)], CommandType='Text', CommandTimeout='30']
SELECT TOP(1) [u].[UserRoleId], [u].[CreatedBy], [u].[CreatedDate], [u].[DeletedBy], [u].[DeletedDate], [u].[IsActive], [u].[ModifiedBy], [u].[ModifiedDate], [u].[RoleId], [u].[UserId], [r].[RoleId], [r].[CreatedBy], [r].[CreatedDate], [r].[DeletedBy], [r].[DeletedDate], [r].[Description], [r].[IsActive], [r].[ModifiedBy], [r].[ModifiedDate], [r].[RoleName]
FROM [UserRole] AS [u]
INNER JOIN [Role] AS [r] ON [u].[RoleId] = [r].[RoleId]
WHERE [u].[UserId] = @__userId_0 AND [u].[IsActive] = CAST(1 AS bit) ${newline}EXCEPTION: ${exception: ToString:maxInnerExceptionLevel=3}
2024-01-16 23:18:36.3351 - INFO: Executed DbCommand (253ms) [Parameters=[@__userId_0='?' (DbType = Guid)], CommandType='Text', CommandTimeout='30']
SELECT TOP(1) [c].[CompanyId], [c].[Address], [c].[CityId], [c].[ContactPersonEmailId], [c].[ContactPersonName], [c].[ContactPersonPhoneNumber], [c].[CountryId], [c].[CreatedBy], [c].[CreatedDate], [c].[DeletedBy], [c].[DeletedDate], [c].[EmailId], [c].[IsActive], [c].[MobileNumber], [c].[ModifiedBy], [c].[ModifiedDate], [c].[Name], [c].[UserId], [c].[Website]
FROM [CompanyProfile] AS [c]
WHERE [c].[UserId] = @__userId_0 ${newline}EXCEPTION: ${exception: ToString:maxInnerExceptionLevel=3}
2024-01-16 23:18:36.5947 - INFO: Executed DbCommand (258ms) [Parameters=[@__userId_0='?' (DbType = Guid)], CommandType='Text', CommandTimeout='30']
SELECT TOP(1) [u].[RoleId]
FROM [UserRole] AS [u]
WHERE [u].[UserId] = @__userId_0 ${newline}EXCEPTION: ${exception: ToString:maxInnerExceptionLevel=3}
2024-01-16 23:18:36.6729 - INFO: Executed DbCommand (223ms) [Parameters=[], CommandType='Text', CommandTimeout='30']
SELECT [c].[CountryId] AS [Id], [c].[CountryName] AS [Name]
FROM [Country] AS [c]
WHERE [c].[IsActive] = CAST(1 AS bit)
ORDER BY [c].[CountryName] ${newline}EXCEPTION: ${exception: ToString:maxInnerExceptionLevel=3}
2024-01-16 23:18:36.6767 - INFO: Executing OkObjectResult, writing value of type 'IAI.Models.Models.Responses.BaseResponseList`1[[IAI.Models.Models.Common.IdNameModel, IAI.Models, Version=1.0.0.0, Culture=neutral, PublicKeyToken=null]]'. ${newline}EXCEPTION: ${exception: ToString:maxInnerExceptionLevel=3}
2024-01-16 23:18:36.6901 - INFO: Executed action IAI.WebAPI.Controllers.MasterDataController.LoadCountries (IAI.WebAPI) in 2202.016ms ${newline}EXCEPTION: ${exception: ToString:maxInnerExceptionLevel=3}
2024-01-16 23:18:36.6901 - INFO: Executed endpoint 'IAI.WebAPI.Controllers.MasterDataController.LoadCountries (IAI.WebAPI)' ${newline}EXCEPTION: ${exception: ToString:maxInnerExceptionLevel=3}
2024-01-16 23:18:36.6901 - INFO: Request finished HTTP/2 GET https://localhost:7254/api/MasterData/GetCountries - - - 200 - application/json;+charset=utf-8 2212.7823ms ${newline}EXCEPTION: ${exception: ToString:maxInnerExceptionLevel=3}
2024-01-16 23:18:36.8486 - INFO: Executed DbCommand (253ms) [Parameters=[@__roleId_0='?' (DbType = Int32)], CommandType='Text', CommandTimeout='30']
SELECT [r].[RoleScreenId], [r].[CreatedBy], [r].[CreatedDate], [r].[DeletedBy], [r].[DeletedDate], [r].[IsActive], [r].[ModifiedBy], [r].[ModifiedDate], [r].[RoleId], [r].[ScreenId], [r0].[RoleId], [r0].[CreatedBy], [r0].[CreatedDate], [r0].[DeletedBy], [r0].[DeletedDate], [r0].[Description], [r0].[IsActive], [r0].[ModifiedBy], [r0].[ModifiedDate], [r0].[RoleName], [s].[ScreenId], [s].[CreatedBy], [s].[CreatedDate], [s].[DeletedBy], [s].[DeletedDate], [s].[Description], [s].[Icon], [s].[IsActive], [s].[MenuLevel], [s].[ModifiedBy], [s].[ModifiedDate], [s].[ParentId], [s].[RoutePath], [s].[ScreenName], [s].[ScreenOrder]
FROM [RoleScreenMapping] AS [r]
INNER JOIN [Role] AS [r0] ON [r].[RoleId] = [r0].[RoleId]
INNER JOIN [Screen] AS [s] ON [r].[ScreenId] = [s].[ScreenId]
WHERE [r].[RoleId] = @__roleId_0 ${newline}EXCEPTION: ${exception: ToString:maxInnerExceptionLevel=3}
2024-01-16 23:18:37.1071 - INFO: Executed DbCommand (255ms) [Parameters=[@__roleId_0='?' (DbType = Int32)], CommandType='Text', CommandTimeout='30']
SELECT [r].[RoleId], [r0].[RoleName], [r].[ScreenId], [s].[ScreenName], [s].[Description] AS [DisplayName], [s].[RoutePath], [s].[Icon], [s].[MenuLevel], [s].[ParentId]
FROM [RoleScreenMapping] AS [r]
INNER JOIN [Screen] AS [s] ON [r].[ScreenId] = [s].[ScreenId]
INNER JOIN [Role] AS [r0] ON [r].[RoleId] = [r0].[RoleId]
WHERE [r].[RoleId] = @__roleId_0
ORDER BY [s].[ScreenOrder] ${newline}EXCEPTION: ${exception: ToString:maxInnerExceptionLevel=3}
2024-01-16 23:18:37.1071 - INFO: Executing OkObjectResult, writing value of type 'IAI.Models.Models.Responses.BaseResponse`1[[IAI.Models.Models.UserDetailsModel, IAI.Models, Version=1.0.0.0, Culture=neutral, PublicKeyToken=null]]'. ${newline}EXCEPTION: ${exception: ToString:maxInnerExceptionLevel=3}
2024-01-16 23:18:37.1071 - INFO: Executed action IAI.WebAPI.Controllers.AccountController.GetUserDetails (IAI.WebAPI) in 2625.6571ms ${newline}EXCEPTION: ${exception: ToString:maxInnerExceptionLevel=3}
2024-01-16 23:18:37.1071 - INFO: Executed endpoint 'IAI.WebAPI.Controllers.AccountController.GetUserDetails (IAI.WebAPI)' ${newline}EXCEPTION: ${exception: ToString:maxInnerExceptionLevel=3}
2024-01-16 23:18:37.1071 - INFO: Request finished HTTP/2 GET https://localhost:7254/api/Account/UserDetails - - - 200 - application/json;+charset=utf-8 2630.6466ms ${newline}EXCEPTION: ${exception: ToString:maxInnerExceptionLevel=3}
2024-01-16 23:18:37.5411 - INFO: Executed DbCommand (222ms) [Parameters=[@__inputParms_CompanyId_0='?' (DbType = Guid)], CommandType='Text', CommandTimeout='30']
SELECT COUNT(*)
FROM [Department] AS [d]
WHERE [d].[CompanyId] = @__inputParms_CompanyId_0 AND [d].[IsActive] = CAST(1 AS bit) ${newline}EXCEPTION: ${exception: ToString:maxInnerExceptionLevel=3}
2024-01-16 23:18:37.5679 - WARN: The query uses a row limiting operator ('Skip'/'Take') without an 'OrderBy' operator. This may lead to unpredictable results. If the 'Distinct' operator is used after 'OrderBy', then make sure to use the 'OrderBy' operator after 'Distinct' as the ordering would otherwise get erased. ${newline}EXCEPTION: ${exception: ToString:maxInnerExceptionLevel=3}
2024-01-16 23:18:37.5679 - WARN: The query uses a row limiting operator ('Skip'/'Take') without an 'OrderBy' operator. This may lead to unpredictable results. If the 'Distinct' operator is used after 'OrderBy', then make sure to use the 'OrderBy' operator after 'Distinct' as the ordering would otherwise get erased. ${newline}EXCEPTION: ${exception: ToString:maxInnerExceptionLevel=3}
2024-01-16 23:18:37.7979 - INFO: Executed DbCommand (218ms) [Parameters=[@__inputParms_CompanyId_0='?' (DbType = Guid), @__p_1='?' (DbType = Int32), @__p_2='?' (DbType = Int32)], CommandType='Text', CommandTimeout='30']
SELECT [d].[DepartmentId], [d].[DepartmentName], [d].[Description]
FROM [Department] AS [d]
WHERE [d].[CompanyId] = @__inputParms_CompanyId_0 AND [d].[IsActive] = CAST(1 AS bit)
ORDER BY (SELECT 1)
OFFSET @__p_1 ROWS FETCH NEXT @__p_2 ROWS ONLY ${newline}EXCEPTION: ${exception: ToString:maxInnerExceptionLevel=3}
2024-01-16 23:18:37.8518 - ERROR: An exception occurred while iterating over the results of a query for context type 'IAI.Repositories.IAIDBContext'.
Microsoft.Data.SqlClient.SqlException (0x80131904): The offset specified in a OFFSET clause may not be negative.
   at Microsoft.Data.SqlClient.SqlConnection.OnError(SqlException exception, Boolean breakConnection, Action`1 wrapCloseInAction)
   at Microsoft.Data.SqlClient.TdsParser.ThrowExceptionAndWarning(TdsParserStateObject stateObj, Boolean callerHasConnectionLock, Boolean asyncClose)
   at Microsoft.Data.SqlClient.TdsParser.TryRun(RunBehavior runBehavior, SqlCommand cmdHandler, SqlDataReader dataStream, BulkCopySimpleResultSet bulkCopyHandler, TdsParserStateObject stateObj, Boolean& dataReady)
   at Microsoft.Data.SqlClient.SqlDataReader.TryHasMoreRows(Boolean& moreRows)
   at Microsoft.Data.SqlClient.SqlDataReader.TryReadInternal(Boolean setTimeout, Boolean& more)
   at Microsoft.Data.SqlClient.SqlDataReader.ReadAsyncExecute(Task task, Object state)
   at Microsoft.Data.SqlClient.SqlDataReader.InvokeAsyncCall[T](SqlDataReaderAsyncCallContext`1 context)
--- End of stack trace from previous location ---
   at Microsoft.EntityFrameworkCore.Query.Internal.SingleQueryingEnumerable`1.AsyncEnumerator.MoveNextAsync()
ClientConnectionId:cb99b0de-f32b-45c7-a148-188d9b79c1f8
Error Number:10742,State:1,Class:15 ${newline}EXCEPTION: ${exception: ToString:maxInnerExceptionLevel=3}
2024-01-16 23:18:38.0932 - INFO: Executing BadRequestObjectResult, writing value of type 'System.String'. ${newline}EXCEPTION: ${exception: ToString:maxInnerExceptionLevel=3}
2024-01-16 23:18:38.0932 - INFO: Executed action IAI.WebAPI.Controllers.Company.DepartmentController.GetDepartments (IAI.WebAPI) in 3605.1307ms ${newline}EXCEPTION: ${exception: ToString:maxInnerExceptionLevel=3}
2024-01-16 23:18:38.0932 - INFO: Executed endpoint 'IAI.WebAPI.Controllers.Company.DepartmentController.GetDepartments (IAI.WebAPI)' ${newline}EXCEPTION: ${exception: ToString:maxInnerExceptionLevel=3}
2024-01-16 23:18:38.0932 - INFO: Request finished HTTP/2 POST https://localhost:7254/api/Department/getDepartments application/json 118 - 400 - text/plain;+charset=utf-8 3616.2356ms ${newline}EXCEPTION: ${exception: ToString:maxInnerExceptionLevel=3}
2024-01-16 23:20:40.3661 - INFO: Request starting HTTP/2 OPTIONS https://localhost:7254/api/MasterData/GetCountries - - ${newline}EXCEPTION: ${exception: ToString:maxInnerExceptionLevel=3}
2024-01-16 23:20:40.3661 - INFO: Request starting HTTP/2 OPTIONS https://localhost:7254/api/Department/getDepartments - - ${newline}EXCEPTION: ${exception: ToString:maxInnerExceptionLevel=3}
2024-01-16 23:20:40.3661 - INFO: CORS policy execution successful. ${newline}EXCEPTION: ${exception: ToString:maxInnerExceptionLevel=3}
2024-01-16 23:20:40.3661 - INFO: CORS policy execution successful. ${newline}EXCEPTION: ${exception: ToString:maxInnerExceptionLevel=3}
2024-01-16 23:20:40.3661 - INFO: Request finished HTTP/2 OPTIONS https://localhost:7254/api/MasterData/GetCountries - - - 204 - - 0.6435ms ${newline}EXCEPTION: ${exception: ToString:maxInnerExceptionLevel=3}
2024-01-16 23:20:40.3661 - INFO: Request finished HTTP/2 OPTIONS https://localhost:7254/api/Department/getDepartments - - - 204 - - 1.4505ms ${newline}EXCEPTION: ${exception: ToString:maxInnerExceptionLevel=3}
2024-01-16 23:20:40.3981 - INFO: Request starting HTTP/2 GET https://localhost:7254/api/MasterData/GetCountries - - ${newline}EXCEPTION: ${exception: ToString:maxInnerExceptionLevel=3}
2024-01-16 23:20:40.3981 - INFO: Request starting HTTP/2 POST https://localhost:7254/api/Department/getDepartments application/json 118 ${newline}EXCEPTION: ${exception: ToString:maxInnerExceptionLevel=3}
2024-01-16 23:20:40.3981 - INFO: CORS policy execution successful. ${newline}EXCEPTION: ${exception: ToString:maxInnerExceptionLevel=3}
2024-01-16 23:20:40.3981 - INFO: CORS policy execution successful. ${newline}EXCEPTION: ${exception: ToString:maxInnerExceptionLevel=3}
2024-01-16 23:20:40.3981 - INFO: Executing endpoint 'IAI.WebAPI.Controllers.MasterDataController.LoadCountries (IAI.WebAPI)' ${newline}EXCEPTION: ${exception: ToString:maxInnerExceptionLevel=3}
2024-01-16 23:20:40.3981 - INFO: Route matched with {action = "LoadCountries", controller = "MasterData"}. Executing controller action with signature System.Threading.Tasks.Task`1[Microsoft.AspNetCore.Mvc.IActionResult] LoadCountries() on controller IAI.WebAPI.Controllers.MasterDataController (IAI.WebAPI). ${newline}EXCEPTION: ${exception: ToString:maxInnerExceptionLevel=3}
2024-01-16 23:20:40.3981 - INFO: Executing endpoint 'IAI.WebAPI.Controllers.Company.DepartmentController.GetDepartments (IAI.WebAPI)' ${newline}EXCEPTION: ${exception: ToString:maxInnerExceptionLevel=3}
2024-01-16 23:20:40.3981 - INFO: Route matched with {action = "GetDepartments", controller = "Department"}. Executing controller action with signature System.Threading.Tasks.Task`1[Microsoft.AspNetCore.Mvc.IActionResult] GetDepartments(IAI.Models.Models.Company.Request.DepartmentSearchInputModel) on controller IAI.WebAPI.Controllers.Company.DepartmentController (IAI.WebAPI). ${newline}EXCEPTION: ${exception: ToString:maxInnerExceptionLevel=3}
2024-01-16 23:20:40.6198 - INFO: Executed DbCommand (215ms) [Parameters=[], CommandType='Text', CommandTimeout='30']
SELECT [c].[CountryId] AS [Id], [c].[CountryName] AS [Name]
FROM [Country] AS [c]
WHERE [c].[IsActive] = CAST(1 AS bit)
ORDER BY [c].[CountryName] ${newline}EXCEPTION: ${exception: ToString:maxInnerExceptionLevel=3}
2024-01-16 23:20:40.6198 - INFO: Executing OkObjectResult, writing value of type 'IAI.Models.Models.Responses.BaseResponseList`1[[IAI.Models.Models.Common.IdNameModel, IAI.Models, Version=1.0.0.0, Culture=neutral, PublicKeyToken=null]]'. ${newline}EXCEPTION: ${exception: ToString:maxInnerExceptionLevel=3}
2024-01-16 23:20:40.6198 - INFO: Executed action IAI.WebAPI.Controllers.MasterDataController.LoadCountries (IAI.WebAPI) in 221.7811ms ${newline}EXCEPTION: ${exception: ToString:maxInnerExceptionLevel=3}
2024-01-16 23:20:40.6198 - INFO: Executed endpoint 'IAI.WebAPI.Controllers.MasterDataController.LoadCountries (IAI.WebAPI)' ${newline}EXCEPTION: ${exception: ToString:maxInnerExceptionLevel=3}
2024-01-16 23:20:40.6198 - INFO: Request finished HTTP/2 GET https://localhost:7254/api/MasterData/GetCountries - - - 200 - application/json;+charset=utf-8 222.4006ms ${newline}EXCEPTION: ${exception: ToString:maxInnerExceptionLevel=3}
2024-01-16 23:20:40.6609 - INFO: Executed DbCommand (253ms) [Parameters=[@__inputParms_CompanyId_0='?' (DbType = Guid)], CommandType='Text', CommandTimeout='30']
SELECT COUNT(*)
FROM [Department] AS [d]
WHERE [d].[CompanyId] = @__inputParms_CompanyId_0 AND [d].[IsActive] = CAST(1 AS bit) ${newline}EXCEPTION: ${exception: ToString:maxInnerExceptionLevel=3}
2024-01-16 23:20:40.9149 - INFO: Executed DbCommand (253ms) [Parameters=[@__inputParms_CompanyId_0='?' (DbType = Guid), @__p_1='?' (DbType = Int32), @__p_2='?' (DbType = Int32)], CommandType='Text', CommandTimeout='30']
SELECT [d].[DepartmentId], [d].[DepartmentName], [d].[Description]
FROM [Department] AS [d]
WHERE [d].[CompanyId] = @__inputParms_CompanyId_0 AND [d].[IsActive] = CAST(1 AS bit)
ORDER BY (SELECT 1)
OFFSET @__p_1 ROWS FETCH NEXT @__p_2 ROWS ONLY ${newline}EXCEPTION: ${exception: ToString:maxInnerExceptionLevel=3}
2024-01-16 23:20:40.9149 - ERROR: An exception occurred while iterating over the results of a query for context type 'IAI.Repositories.IAIDBContext'.
Microsoft.Data.SqlClient.SqlException (0x80131904): The offset specified in a OFFSET clause may not be negative.
   at Microsoft.Data.SqlClient.SqlConnection.OnError(SqlException exception, Boolean breakConnection, Action`1 wrapCloseInAction)
   at Microsoft.Data.SqlClient.TdsParser.ThrowExceptionAndWarning(TdsParserStateObject stateObj, Boolean callerHasConnectionLock, Boolean asyncClose)
   at Microsoft.Data.SqlClient.TdsParser.TryRun(RunBehavior runBehavior, SqlCommand cmdHandler, SqlDataReader dataStream, BulkCopySimpleResultSet bulkCopyHandler, TdsParserStateObject stateObj, Boolean& dataReady)
   at Microsoft.Data.SqlClient.SqlDataReader.TryHasMoreRows(Boolean& moreRows)
   at Microsoft.Data.SqlClient.SqlDataReader.TryReadInternal(Boolean setTimeout, Boolean& more)
   at Microsoft.Data.SqlClient.SqlDataReader.ReadAsyncExecute(Task task, Object state)
   at Microsoft.Data.SqlClient.SqlDataReader.InvokeAsyncCall[T](SqlDataReaderAsyncCallContext`1 context)
--- End of stack trace from previous location ---
   at Microsoft.EntityFrameworkCore.Query.Internal.SingleQueryingEnumerable`1.AsyncEnumerator.MoveNextAsync()
ClientConnectionId:3f654123-75a2-4a31-9fd4-389f9919dab8
Error Number:10742,State:1,Class:15 ${newline}EXCEPTION: ${exception: ToString:maxInnerExceptionLevel=3}
2024-01-16 23:20:41.0961 - INFO: Executing BadRequestObjectResult, writing value of type 'System.String'. ${newline}EXCEPTION: ${exception: ToString:maxInnerExceptionLevel=3}
2024-01-16 23:20:41.0961 - INFO: Executed action IAI.WebAPI.Controllers.Company.DepartmentController.GetDepartments (IAI.WebAPI) in 690.8665ms ${newline}EXCEPTION: ${exception: ToString:maxInnerExceptionLevel=3}
2024-01-16 23:20:41.0961 - INFO: Executed endpoint 'IAI.WebAPI.Controllers.Company.DepartmentController.GetDepartments (IAI.WebAPI)' ${newline}EXCEPTION: ${exception: ToString:maxInnerExceptionLevel=3}
2024-01-16 23:20:41.0961 - INFO: Request finished HTTP/2 POST https://localhost:7254/api/Department/getDepartments application/json 118 - 400 - text/plain;+charset=utf-8 698.3640ms ${newline}EXCEPTION: ${exception: ToString:maxInnerExceptionLevel=3}
