2023-08-05 00:00:48.2541 - INFO: Request starting HTTP/2 OPTIONS https://localhost:7254/api/Interviewer/PickUpSchedules - - ${newline}EXCEPTION: ${exception: ToString:maxInnerExceptionLevel=3}
2023-08-05 00:00:48.2541 - INFO: CORS policy execution successful. ${newline}EXCEPTION: ${exception: ToString:maxInnerExceptionLevel=3}
2023-08-05 00:00:48.2541 - INFO: Request finished HTTP/2 OPTIONS https://localhost:7254/api/Interviewer/PickUpSchedules - - - 204 - - 3.8608ms ${newline}EXCEPTION: ${exception: ToString:maxInnerExceptionLevel=3}
2023-08-05 00:00:48.2541 - INFO: Request starting HTTP/2 GET https://localhost:7254/api/Interviewer/PickUpSchedules - - ${newline}EXCEPTION: ${exception: ToString:maxInnerExceptionLevel=3}
2023-08-05 00:00:48.2541 - INFO: CORS policy execution successful. ${newline}EXCEPTION: ${exception: ToString:maxInnerExceptionLevel=3}
2023-08-05 00:00:48.2541 - INFO: Executing endpoint 'IAI.WebAPI.Controllers.Interviewer.InterviewerController.GetInterviewsToBePicked (IAI.WebAPI)' ${newline}EXCEPTION: ${exception: ToString:maxInnerExceptionLevel=3}
2023-08-05 00:00:48.2541 - INFO: Route matched with {action = "GetInterviewsToBePicked", controller = "Interviewer"}. Executing controller action with signature System.Threading.Tasks.Task`1[Microsoft.AspNetCore.Mvc.IActionResult] GetInterviewsToBePicked() on controller IAI.WebAPI.Controllers.Interviewer.InterviewerController (IAI.WebAPI). ${newline}EXCEPTION: ${exception: ToString:maxInnerExceptionLevel=3}
2023-08-05 00:00:48.8644 - INFO: Executed DbCommand (592ms) [Parameters=[@__interviewerId_0='?' (DbType = Guid), @__p_1='?' (DbType = DateTimeOffset), @__p_2='?' (DbType = DateTimeOffset)], CommandType='Text', CommandTimeout='30']
SELECT [i].[InterviewId], CONVERT(varchar(100), [i].[InterviewDate]) AS [InterviewDate], [i].[TimeSlotId], [t].[TimeSlotName], [i].[InterviewerId], [i].[CandidateId], [c].[Name] AS [CandidateName], [p].[PrimarySkillName], [c].[MobileNumber], [e].[ExperienceName]
FROM [Interview] AS [i]
INNER JOIN [TimeSlot] AS [t] ON [i].[TimeSlotId] = [t].[TimeSlotId]
INNER JOIN [CandidateProfile] AS [c] ON [i].[CandidateId] = [c].[CandidateId]
INNER JOIN [PrimarySkill] AS [p] ON [i].[PrimarySkillId] = [p].[PrimarySkillId]
INNER JOIN [Experience] AS [e] ON [c].[ExperienceId] = [e].[ExperienceId]
WHERE [i].[InterviewerId] = @__interviewerId_0 AND [i].[InterviewDate] >= @__p_1 AND [i].[InterviewDate] < @__p_2 AND [i].[IsRated] = CAST(0 AS bit) ${newline}EXCEPTION: ${exception: ToString:maxInnerExceptionLevel=3}
2023-08-05 00:00:48.8644 - INFO: Executing OkObjectResult, writing value of type 'IAI.Models.Models.Responses.BaseResponse`1[[System.Collections.Generic.List`1[[IAI.Models.Models.Interviewer.Responses.ConfirmScheduleDetailsModel, IAI.Models, Version=1.0.0.0, Culture=neutral, PublicKeyToken=null]], System.Private.CoreLib, Version=6.0.0.0, Culture=neutral, PublicKeyToken=7cec85d7bea7798e]]'. ${newline}EXCEPTION: ${exception: ToString:maxInnerExceptionLevel=3}
2023-08-05 00:00:48.8644 - INFO: Executed action IAI.WebAPI.Controllers.Interviewer.InterviewerController.GetInterviewsToBePicked (IAI.WebAPI) in 596.8271ms ${newline}EXCEPTION: ${exception: ToString:maxInnerExceptionLevel=3}
2023-08-05 00:00:48.8644 - INFO: Executed endpoint 'IAI.WebAPI.Controllers.Interviewer.InterviewerController.GetInterviewsToBePicked (IAI.WebAPI)' ${newline}EXCEPTION: ${exception: ToString:maxInnerExceptionLevel=3}
2023-08-05 00:00:48.8644 - INFO: Request finished HTTP/2 GET https://localhost:7254/api/Interviewer/PickUpSchedules - - - 200 - application/json;+charset=utf-8 597.6704ms ${newline}EXCEPTION: ${exception: ToString:maxInnerExceptionLevel=3}
2023-08-05 00:01:21.6787 - INFO: Request starting HTTP/2 OPTIONS https://localhost:7254/api/Interviewer/PickUpSchedules - - ${newline}EXCEPTION: ${exception: ToString:maxInnerExceptionLevel=3}
2023-08-05 00:01:21.6787 - INFO: CORS policy execution successful. ${newline}EXCEPTION: ${exception: ToString:maxInnerExceptionLevel=3}
2023-08-05 00:01:21.6787 - INFO: Request finished HTTP/2 OPTIONS https://localhost:7254/api/Interviewer/PickUpSchedules - - - 204 - - 0.4816ms ${newline}EXCEPTION: ${exception: ToString:maxInnerExceptionLevel=3}
2023-08-05 00:01:21.7018 - INFO: Request starting HTTP/2 GET https://localhost:7254/api/Interviewer/PickUpSchedules - - ${newline}EXCEPTION: ${exception: ToString:maxInnerExceptionLevel=3}
2023-08-05 00:01:21.7018 - INFO: CORS policy execution successful. ${newline}EXCEPTION: ${exception: ToString:maxInnerExceptionLevel=3}
2023-08-05 00:01:21.7018 - INFO: Executing endpoint 'IAI.WebAPI.Controllers.Interviewer.InterviewerController.GetInterviewsToBePicked (IAI.WebAPI)' ${newline}EXCEPTION: ${exception: ToString:maxInnerExceptionLevel=3}
2023-08-05 00:01:21.7018 - INFO: Route matched with {action = "GetInterviewsToBePicked", controller = "Interviewer"}. Executing controller action with signature System.Threading.Tasks.Task`1[Microsoft.AspNetCore.Mvc.IActionResult] GetInterviewsToBePicked() on controller IAI.WebAPI.Controllers.Interviewer.InterviewerController (IAI.WebAPI). ${newline}EXCEPTION: ${exception: ToString:maxInnerExceptionLevel=3}
2023-08-05 00:01:22.0222 - INFO: Executed DbCommand (296ms) [Parameters=[@__interviewerId_0='?' (DbType = Guid), @__p_1='?' (DbType = DateTimeOffset), @__p_2='?' (DbType = DateTimeOffset)], CommandType='Text', CommandTimeout='30']
SELECT [i].[InterviewId], CONVERT(varchar(100), [i].[InterviewDate]) AS [InterviewDate], [i].[TimeSlotId], [t].[TimeSlotName], [i].[InterviewerId], [i].[CandidateId], [c].[Name] AS [CandidateName], [p].[PrimarySkillName], [c].[MobileNumber], [e].[ExperienceName]
FROM [Interview] AS [i]
INNER JOIN [TimeSlot] AS [t] ON [i].[TimeSlotId] = [t].[TimeSlotId]
INNER JOIN [CandidateProfile] AS [c] ON [i].[CandidateId] = [c].[CandidateId]
INNER JOIN [PrimarySkill] AS [p] ON [i].[PrimarySkillId] = [p].[PrimarySkillId]
INNER JOIN [Experience] AS [e] ON [c].[ExperienceId] = [e].[ExperienceId]
WHERE [i].[InterviewerId] = @__interviewerId_0 AND [i].[InterviewDate] >= @__p_1 AND [i].[InterviewDate] < @__p_2 AND [i].[IsRated] = CAST(0 AS bit) ${newline}EXCEPTION: ${exception: ToString:maxInnerExceptionLevel=3}
2023-08-05 00:01:22.0222 - INFO: Executing OkObjectResult, writing value of type 'IAI.Models.Models.Responses.BaseResponse`1[[System.Collections.Generic.List`1[[IAI.Models.Models.Interviewer.Responses.ConfirmScheduleDetailsModel, IAI.Models, Version=1.0.0.0, Culture=neutral, PublicKeyToken=null]], System.Private.CoreLib, Version=6.0.0.0, Culture=neutral, PublicKeyToken=7cec85d7bea7798e]]'. ${newline}EXCEPTION: ${exception: ToString:maxInnerExceptionLevel=3}
2023-08-05 00:01:22.0222 - INFO: Executed action IAI.WebAPI.Controllers.Interviewer.InterviewerController.GetInterviewsToBePicked (IAI.WebAPI) in 319.5436ms ${newline}EXCEPTION: ${exception: ToString:maxInnerExceptionLevel=3}
2023-08-05 00:01:22.0222 - INFO: Executed endpoint 'IAI.WebAPI.Controllers.Interviewer.InterviewerController.GetInterviewsToBePicked (IAI.WebAPI)' ${newline}EXCEPTION: ${exception: ToString:maxInnerExceptionLevel=3}
2023-08-05 00:01:22.0222 - INFO: Request finished HTTP/2 GET https://localhost:7254/api/Interviewer/PickUpSchedules - - - 200 - application/json;+charset=utf-8 323.6151ms ${newline}EXCEPTION: ${exception: ToString:maxInnerExceptionLevel=3}
